bholland, 42294, Mon May 27 23:36:51 EDT 2013
Avatar 0 is in position (0,2) and moved West
Avatar 1 is in position (3,2) and moved West
Avatar 0 is in position (0,2) and moved North
Avatar 1 is in position (3,2) and moved North
Avatar 0 is in position (0,2) and moved East
Avatar 1 is in position (3,1) and moved West
Avatar 0 is in position (1,2) and moved North
Avatar 1 is in position (3,1) and moved North
Avatar 0 is in position (1,2) and moved East
Avatar 1 is in position (3,1) and moved East
Avatar 0 is in position (2,2) and moved North
Avatar 1 is in position (3,1) and moved South
Avatar 0 is in position (2,1) and moved West
Avatar 1 is in position (3,2) and moved East
Avatar 0 is in position (2,1) and moved North
Avatar 1 is in position (4,2) and moved North
Avatar 0 is in position (2,0) and moved West
Avatar 1 is in position (4,2) and moved East
Avatar 0 is in position (1,0) and moved South
Avatar 1 is in position (4,2) and moved South
Avatar 0 is in position (1,1) and moved West
Avatar 1 is in position (4,3) and moved East
Avatar 0 is in position (0,1) and moved West
Avatar 1 is in position (4,3) and moved South
Avatar 0 is in position (0,1) and moved North
Avatar 1 is in position (4,3) and moved West
Avatar 0 is in position (0,0) and moved West
Avatar 1 is in position (3,3) and moved South
Avatar 0 is in position (0,0) and moved North
Avatar 1 is in position (3,3) and moved West
Avatar 0 is in position (0,0) and moved East
Avatar 1 is in position (2,3) and moved South
Avatar 0 is in position (0,0) and moved South
Avatar 1 is in position (2,4) and moved East
Avatar 0 is in position (0,1) and moved East
Avatar 1 is in position (3,4) and moved East
Avatar 0 is in position (1,1) and moved North
Avatar 1 is in position (4,4) and moved East
Avatar 0 is in position (1,0) and moved North
Avatar 1 is in position (4,4) and moved South
Avatar 0 is in position (1,0) and moved East
Avatar 1 is in position (4,4) and moved West
Avatar 0 is in position (2,0) and moved North
Avatar 1 is in position (3,4) and moved South
Avatar 0 is in position (2,0) and moved East
Avatar 1 is in position (3,4) and moved West
Avatar 0 is in position (3,0) and moved North
Avatar 1 is in position (2,4) and moved South
Avatar 0 is in position (3,0) and moved East
Avatar 1 is in position (2,4) and moved West
Avatar 0 is in position (4,0) and moved North
Avatar 1 is in position (1,4) and moved South
Avatar 0 is in position (4,0) and moved East
Avatar 1 is in position (1,4) and moved West
Avatar 0 is in position (4,0) and moved South
Avatar 1 is in position (1,4) and moved North
Avatar 0 is in position (4,1) and moved East
Avatar 1 is in position (1,3) and moved West
Avatar 0 is in position (4,1) and moved North
Avatar 1 is in position (0,3) and moved South
Avatar 0 is in position (4,0) and moved West
Avatar 1 is in position (0,4) and moved South
Avatar 0 is in position (3,0) and moved West
Avatar 1 is in position (0,4) and moved West
Avatar 0 is in position (2,0) and moved South
Avatar 1 is in position (0,4) and moved North
Avatar 0 is in position (2,1) and moved South
Avatar 1 is in position (0,3) and moved West
Avatar 0 is in position (2,2) and moved South
Avatar 1 is in position (0,3) and moved North
Avatar 0 is in position (2,2) and moved West
Avatar 1 is in position (0,2) and moved East
Maze solved!