bholland, 46905, Mon May 27 20:39:49 EDT 2013
Avatar 0 is in position (12,2) and moved West
Avatar 1 is in position (21,6) and moved West
Avatar 0 is in position (12,2) and moved North
Avatar 1 is in position (21,6) and moved North
Avatar 0 is in position (12,1) and moved West
Avatar 1 is in position (21,6) and moved East
Avatar 0 is in position (12,1) and moved North
Avatar 1 is in position (22,6) and moved North
Avatar 0 is in position (12,0) and moved West
Avatar 1 is in position (22,6) and moved East
Avatar 0 is in position (11,0) and moved South
Avatar 1 is in position (22,6) and moved South
Avatar 0 is in position (11,0) and moved West
Avatar 1 is in position (22,7) and moved East
Avatar 0 is in position (10,0) and moved South
Avatar 1 is in position (22,7) and moved South
Avatar 0 is in position (10,0) and moved West
Avatar 1 is in position (22,8) and moved East
Avatar 0 is in position (10,0) and moved North
Avatar 1 is in position (22,8) and moved South
Avatar 0 is in position (10,0) and moved East
Avatar 1 is in position (22,8) and moved West
Avatar 0 is in position (11,0) and moved North
Avatar 1 is in position (22,8) and moved North
Avatar 0 is in position (11,0) and moved East
Avatar 1 is in position (22,7) and moved West
Avatar 0 is in position (12,0) and moved North
Avatar 1 is in position (21,7) and moved South
Avatar 0 is in position (12,0) and moved East
Avatar 1 is in position (21,8) and moved South
Avatar 0 is in position (13,0) and moved North
Avatar 1 is in position (21,8) and moved West
Avatar 0 is in position (13,0) and moved East
Avatar 1 is in position (20,8) and moved South
Avatar 0 is in position (13,0) and moved South
Avatar 1 is in position (20,9) and moved East
Avatar 0 is in position (13,1) and moved East
Avatar 1 is in position (21,9) and moved East
Avatar 0 is in position (14,1) and moved North
Avatar 1 is in position (22,9) and moved East
Avatar 0 is in position (14,1) and moved East
Avatar 1 is in position (22,9) and moved South
Avatar 0 is in position (15,1) and moved North
Avatar 1 is in position (22,10) and moved East
Avatar 0 is in position (15,1) and moved East
Avatar 1 is in position (23,10) and moved North
Avatar 0 is in position (15,1) and moved South
Avatar 1 is in position (23,10) and moved East
Avatar 0 is in position (15,2) and moved East
Avatar 1 is in position (24,10) and moved North
Avatar 0 is in position (16,2) and moved North
Avatar 1 is in position (24,10) and moved East
Avatar 0 is in position (16,1) and moved North
Avatar 1 is in position (25,10) and moved North
Avatar 0 is in position (16,1) and moved East
Avatar 1 is in position (25,10) and moved East
Avatar 0 is in position (17,1) and moved North
Avatar 1 is in position (25,10) and moved South
Avatar 0 is in position (17,1) and moved East
Avatar 1 is in position (25,10) and moved West
Avatar 0 is in position (17,1) and moved South
Avatar 1 is in position (24,10) and moved South
Avatar 0 is in position (17,2) and moved East
Avatar 1 is in position (24,11) and moved East
Avatar 0 is in position (17,2) and moved South
Avatar 1 is in position (25,11) and moved East
Avatar 0 is in position (17,3) and moved East
Avatar 1 is in position (25,11) and moved South
Avatar 0 is in position (17,3) and moved South
Avatar 1 is in position (25,12) and moved East
Avatar 0 is in position (17,4) and moved East
Avatar 1 is in position (25,12) and moved South
Avatar 0 is in position (18,4) and moved North
Avatar 1 is in position (25,12) and moved West
Avatar 0 is in position (18,4) and moved East
Avatar 1 is in position (24,12) and moved South
Avatar 0 is in position (19,4) and moved North
Avatar 1 is in position (24,13) and moved East
Avatar 0 is in position (19,4) and moved East
Avatar 1 is in position (24,13) and moved South
Avatar 0 is in position (19,4) and moved South
Avatar 1 is in position (24,14) and moved East
Avatar 0 is in position (19,5) and moved East
Avatar 1 is in position (24,14) and moved South
Avatar 0 is in position (19,5) and moved South
Avatar 1 is in position (24,14) and moved West
Avatar 0 is in position (19,5) and moved West
Avatar 1 is in position (23,14) and moved South
Avatar 0 is in position (18,5) and moved South
Avatar 1 is in position (23,14) and moved West
Avatar 0 is in position (18,6) and moved East
Avatar 1 is in position (22,14) and moved South
Avatar 0 is in position (18,6) and moved South
Avatar 1 is in position (22,14) and moved West
Avatar 0 is in position (18,7) and moved East
Avatar 1 is in position (22,14) and moved North
Avatar 0 is in position (19,7) and moved North
Avatar 1 is in position (22,14) and moved East
Avatar 0 is in position (19,6) and moved East
Avatar 1 is in position (23,14) and moved North
Avatar 0 is in position (20,6) and moved North
Avatar 1 is in position (23,14) and moved East
Avatar 0 is in position (20,5) and moved North
Avatar 1 is in position (24,14) and moved North
Avatar 0 is in position (20,5) and moved East
Avatar 1 is in position (24,13) and moved West
Avatar 0 is in position (21,5) and moved North
Avatar 1 is in position (23,13) and moved West
Avatar 0 is in position (21,5) and moved East
Avatar 1 is in position (22,13) and moved West
Avatar 0 is in position (22,5) and moved North
Avatar 1 is in position (21,13) and moved South
Avatar 0 is in position (22,4) and moved West
Avatar 1 is in position (21,14) and moved South
Avatar 0 is in position (21,4) and moved West
Avatar 1 is in position (21,15) and moved East
Avatar 0 is in position (20,4) and moved North
Avatar 1 is in position (22,15) and moved East
Avatar 0 is in position (20,3) and moved West
Avatar 1 is in position (23,15) and moved East
Avatar 0 is in position (20,3) and moved North
Avatar 1 is in position (24,15) and moved East
Avatar 0 is in position (20,3) and moved East
Avatar 1 is in position (24,15) and moved South
Avatar 0 is in position (21,3) and moved North
Avatar 1 is in position (24,16) and moved East
Avatar 0 is in position (21,3) and moved East
Avatar 1 is in position (24,16) and moved South
Avatar 0 is in position (22,3) and moved North
Avatar 1 is in position (24,17) and moved East
Avatar 0 is in position (22,2) and moved West
Avatar 1 is in position (25,17) and moved North
Avatar 0 is in position (22,2) and moved North
Avatar 1 is in position (25,17) and moved East
Avatar 0 is in position (22,2) and moved East
Avatar 1 is in position (26,17) and moved North
Avatar 0 is in position (23,2) and moved North
Avatar 1 is in position (26,16) and moved West
Avatar 0 is in position (23,2) and moved East
Avatar 1 is in position (25,16) and moved North
Avatar 0 is in position (23,2) and moved South
Avatar 1 is in position (25,15) and moved North
Avatar 0 is in position (23,3) and moved East
Avatar 1 is in position (25,15) and moved East
Avatar 0 is in position (23,3) and moved South
Avatar 1 is in position (26,15) and moved North
Avatar 0 is in position (23,4) and moved East
Avatar 1 is in position (26,14) and moved West
Avatar 0 is in position (23,4) and moved South
Avatar 1 is in position (25,14) and moved North
Avatar 0 is in position (23,5) and moved East
Avatar 1 is in position (25,13) and moved East
Avatar 0 is in position (23,5) and moved South
Avatar 1 is in position (26,13) and moved North
Avatar 0 is in position (23,6) and moved East
Avatar 1 is in position (26,12) and moved North
Avatar 0 is in position (23,6) and moved South
Avatar 1 is in position (26,11) and moved North
Avatar 0 is in position (23,7) and moved East
Avatar 1 is in position (26,10) and moved North
Avatar 0 is in position (24,7) and moved North
Avatar 1 is in position (26,9) and moved West
Avatar 0 is in position (24,7) and moved East
Avatar 1 is in position (26,9) and moved North
Avatar 0 is in position (24,7) and moved South
Avatar 1 is in position (26,8) and moved West
Avatar 0 is in position (24,8) and moved East
Avatar 1 is in position (26,8) and moved North
Avatar 0 is in position (24,8) and moved South
Avatar 1 is in position (26,8) and moved East
Avatar 0 is in position (24,8) and moved West
Avatar 1 is in position (26,8) and moved South
Avatar 0 is in position (23,8) and moved South
Avatar 1 is in position (26,9) and moved East
Avatar 0 is in position (23,9) and moved East
Avatar 1 is in position (27,9) and moved North
Avatar 0 is in position (24,9) and moved East
Avatar 1 is in position (27,8) and moved North
Avatar 0 is in position (25,9) and moved North
Avatar 1 is in position (27,7) and moved West
Avatar 0 is in position (25,8) and moved North
Avatar 1 is in position (27,7) and moved North
Avatar 0 is in position (25,7) and moved North
Avatar 1 is in position (27,7) and moved East
Avatar 0 is in position (25,7) and moved East
Avatar 1 is in position (28,7) and moved North
Avatar 0 is in position (26,7) and moved North
Avatar 1 is in position (28,6) and moved West
Avatar 0 is in position (26,6) and moved West
Avatar 1 is in position (27,6) and moved West
Avatar 0 is in position (25,6) and moved West
Avatar 1 is in position (27,6) and moved North
Avatar 0 is in position (25,6) and moved North
Avatar 1 is in position (27,5) and moved West
Avatar 0 is in position (25,5) and moved West
Avatar 1 is in position (27,5) and moved North
Avatar 0 is in position (24,5) and moved North
Avatar 1 is in position (27,4) and moved West
Avatar 0 is in position (24,4) and moved North
Avatar 1 is in position (26,4) and moved South
Avatar 0 is in position (24,3) and moved North
Avatar 1 is in position (26,5) and moved South
Avatar 0 is in position (24,3) and moved East
Avatar 1 is in position (26,5) and moved West
Avatar 0 is in position (25,3) and moved North
Avatar 1 is in position (26,5) and moved North
Avatar 0 is in position (25,2) and moved West
Avatar 1 is in position (26,4) and moved West
Avatar 0 is in position (24,2) and moved North
Avatar 1 is in position (25,4) and moved South
Avatar 0 is in position (24,1) and moved West
Avatar 1 is in position (25,4) and moved West
Avatar 0 is in position (24,1) and moved North
Avatar 1 is in position (25,4) and moved North
Avatar 0 is in position (24,0) and moved West
Avatar 1 is in position (25,4) and moved East
Avatar 0 is in position (23,0) and moved South
Avatar 1 is in position (26,4) and moved North
Avatar 0 is in position (23,1) and moved West
Avatar 1 is in position (26,4) and moved East
Avatar 0 is in position (22,1) and moved West
Avatar 1 is in position (27,4) and moved North
Avatar 0 is in position (22,1) and moved North
Avatar 1 is in position (27,4) and moved East
Avatar 0 is in position (22,0) and moved West
Avatar 1 is in position (28,4) and moved North
Avatar 0 is in position (21,0) and moved South
Avatar 1 is in position (28,4) and moved East
Avatar 0 is in position (21,1) and moved South
Avatar 1 is in position (28,4) and moved South
Avatar 0 is in position (21,2) and moved West
Avatar 1 is in position (28,5) and moved East
Avatar 0 is in position (20,2) and moved West
Avatar 1 is in position (28,5) and moved South
Avatar 0 is in position (19,2) and moved South
Avatar 1 is in position (28,5) and moved West
Avatar 0 is in position (19,3) and moved West
Avatar 1 is in position (28,5) and moved North
Avatar 0 is in position (18,3) and moved North
Avatar 1 is in position (28,4) and moved West
Avatar 0 is in position (18,2) and moved North
Avatar 1 is in position (27,4) and moved South
Avatar 0 is in position (18,1) and moved North
Avatar 1 is in position (27,5) and moved South
Avatar 0 is in position (18,0) and moved West
Avatar 1 is in position (27,6) and moved East
Avatar 0 is in position (17,0) and moved West
Avatar 1 is in position (28,6) and moved East
Avatar 0 is in position (16,0) and moved West
Avatar 1 is in position (28,6) and moved South
Avatar 0 is in position (15,0) and moved West
Avatar 1 is in position (28,7) and moved East
Avatar 0 is in position (14,0) and moved North
Avatar 1 is in position (28,7) and moved South
Avatar 0 is in position (14,0) and moved East
Avatar 1 is in position (28,7) and moved West
Avatar 0 is in position (15,0) and moved North
Avatar 1 is in position (27,7) and moved South
Avatar 0 is in position (15,0) and moved East
Avatar 1 is in position (27,8) and moved East
Avatar 0 is in position (16,0) and moved North
Avatar 1 is in position (28,8) and moved East
Avatar 0 is in position (16,0) and moved East
Avatar 1 is in position (28,8) and moved South
Avatar 0 is in position (17,0) and moved North
Avatar 1 is in position (28,9) and moved East
Avatar 0 is in position (17,0) and moved East
Avatar 1 is in position (28,9) and moved South
Avatar 0 is in position (18,0) and moved North
Avatar 1 is in position (28,10) and moved East
Avatar 0 is in position (18,0) and moved East
Avatar 1 is in position (29,10) and moved North
Avatar 0 is in position (19,0) and moved North
Avatar 1 is in position (29,9) and moved North
Avatar 0 is in position (19,0) and moved East
Avatar 1 is in position (29,8) and moved North
Avatar 0 is in position (19,0) and moved South
Avatar 1 is in position (29,7) and moved North
Avatar 0 is in position (19,1) and moved East
Avatar 1 is in position (29,6) and moved North
Avatar 0 is in position (20,1) and moved North
Avatar 1 is in position (29,5) and moved North
Avatar 0 is in position (20,0) and moved North
Avatar 1 is in position (29,4) and moved North
Avatar 0 is in position (20,0) and moved East
Avatar 1 is in position (29,3) and moved West
Avatar 0 is in position (20,0) and moved South
Avatar 1 is in position (28,3) and moved West
Avatar 0 is in position (20,1) and moved East
Avatar 1 is in position (27,3) and moved West
Avatar 0 is in position (20,1) and moved South
Avatar 1 is in position (26,3) and moved West
Avatar 0 is in position (20,1) and moved West
Avatar 1 is in position (26,3) and moved North
Avatar 0 is in position (19,1) and moved South
Avatar 1 is in position (26,2) and moved West
Avatar 0 is in position (19,1) and moved West
Avatar 1 is in position (26,2) and moved North
Avatar 0 is in position (19,1) and moved North
Avatar 1 is in position (26,2) and moved East
Avatar 0 is in position (19,0) and moved West
Avatar 1 is in position (27,2) and moved North
Avatar 0 is in position (18,0) and moved South
Avatar 1 is in position (27,1) and moved West
Avatar 0 is in position (18,1) and moved South
Avatar 1 is in position (27,1) and moved North
Avatar 0 is in position (18,2) and moved East
Avatar 1 is in position (27,1) and moved East
Avatar 0 is in position (18,2) and moved South
Avatar 1 is in position (28,1) and moved North
Avatar 0 is in position (18,3) and moved East
Avatar 1 is in position (28,1) and moved East
Avatar 0 is in position (19,3) and moved North
Avatar 1 is in position (28,1) and moved South
Avatar 0 is in position (19,2) and moved East
Avatar 1 is in position (28,1) and moved West
Avatar 0 is in position (20,2) and moved East
Avatar 1 is in position (27,1) and moved South
Avatar 0 is in position (21,2) and moved North
Avatar 1 is in position (27,2) and moved East
Avatar 0 is in position (21,1) and moved North
Avatar 1 is in position (28,2) and moved East
Avatar 0 is in position (21,0) and moved North
Avatar 1 is in position (29,2) and moved North
Avatar 0 is in position (21,0) and moved East
Avatar 1 is in position (29,1) and moved North
Avatar 0 is in position (22,0) and moved North
Avatar 1 is in position (29,0) and moved West
Avatar 0 is in position (22,0) and moved East
Avatar 1 is in position (28,0) and moved West
Avatar 0 is in position (22,0) and moved South
Avatar 1 is in position (27,0) and moved West
Avatar 0 is in position (22,1) and moved East
Avatar 1 is in position (26,0) and moved South
Avatar 0 is in position (23,1) and moved North
Avatar 1 is in position (26,1) and moved West
Avatar 0 is in position (23,0) and moved North
Avatar 1 is in position (25,1) and moved South
Avatar 0 is in position (23,0) and moved East
Avatar 1 is in position (25,1) and moved West
Avatar 0 is in position (24,0) and moved North
Avatar 1 is in position (25,1) and moved North
Avatar 0 is in position (24,0) and moved East
Maze solved!