bholland, 55900, Tue May 28 12:40:12 EDT 2013
Avatar 0 is in position (26,0) and moved West
Avatar 2 is in position (49,79) and moved West
Avatar 1 is in position (81,3) and moved West
Avatar 3 is in position (77,3) and moved West
Avatar 0 is in position (25,0) and moved South
Avatar 1 is in position (80,3) and moved South
Avatar 2 is in position (49,79) and moved North
Avatar 3 is in position (77,3) and moved North
Avatar 0 is in position (25,0) and moved West
Avatar 2 is in position (49,79) and moved East
Avatar 1 is in position (80,3) and moved West
Avatar 3 is in position (77,3) and moved East
Avatar 0 is in position (24,0) and moved South
Avatar 2 is in position (50,79) and moved North
Avatar 1 is in position (80,3) and moved North
Avatar 3 is in position (78,3) and moved North
Avatar 0 is in position (24,1) and moved East
Avatar 2 is in position (50,79) and moved East
Avatar 1 is in position (80,2) and moved West
Avatar 3 is in position (78,3) and moved East
Avatar 0 is in position (25,1) and moved East
Avatar 2 is in position (50,79) and moved South
Avatar 1 is in position (80,2) and moved North
Avatar 3 is in position (79,3) and moved North
Avatar 0 is in position (25,1) and moved South
Avatar 2 is in position (50,80) and moved East
Avatar 1 is in position (80,1) and moved West
Avatar 3 is in position (79,3) and moved South
Avatar 0 is in position (25,2) and moved East
Avatar 2 is in position (51,80) and moved North
Avatar 1 is in position (80,1) and moved North
Avatar 3 is in position (79,4) and moved East
Avatar 0 is in position (25,2) and moved South
Avatar 1 is in position (80,1) and moved East
Avatar 2 is in position (51,80) and moved East
Avatar 3 is in position (80,4) and moved East
Avatar 0 is in position (25,3) and moved East
Avatar 2 is in position (52,80) and moved North
Avatar 1 is in position (80,1) and moved South
Avatar 3 is in position (80,4) and moved South
Avatar 0 is in position (25,3) and moved South
Avatar 2 is in position (52,79) and moved West
Avatar 1 is in position (80,2) and moved East
Avatar 3 is in position (80,5) and moved East
Avatar 0 is in position (25,3) and moved West
Avatar 2 is in position (51,79) and moved North
Avatar 1 is in position (81,2) and moved North
Avatar 3 is in position (81,5) and moved North
Avatar 0 is in position (25,3) and moved North
Avatar 2 is in position (51,78) and moved West
Avatar 1 is in position (81,2) and moved East
Avatar 3 is in position (81,5) and moved East
Avatar 0 is in position (25,2) and moved West
Avatar 1 is in position (82,2) and moved North
Avatar 2 is in position (50,78) and moved West
Avatar 3 is in position (81,5) and moved South
Avatar 0 is in position (24,2) and moved South
Avatar 2 is in position (50,78) and moved North
Avatar 1 is in position (82,2) and moved East
Avatar 3 is in position (81,6) and moved East
Avatar 0 is in position (24,3) and moved South
Avatar 2 is in position (50,77) and moved West
Avatar 1 is in position (83,2) and moved North
Avatar 3 is in position (82,6) and moved North
Avatar 0 is in position (24,4) and moved East
Avatar 2 is in position (49,77) and moved South
Avatar 1 is in position (83,2) and moved East
Avatar 3 is in position (82,5) and moved North
Avatar 0 is in position (25,4) and moved East
Avatar 2 is in position (49,78) and moved West
Avatar 1 is in position (84,2) and moved North
Avatar 3 is in position (82,4) and moved West
Avatar 0 is in position (26,4) and moved North
Avatar 2 is in position (48,78) and moved South
Avatar 1 is in position (84,2) and moved East
Avatar 3 is in position (81,4) and moved North
Avatar 0 is in position (26,3) and moved North
Avatar 2 is in position (48,79) and moved South
Avatar 1 is in position (84,2) and moved South
Avatar 3 is in position (81,3) and moved West
Avatar 0 is in position (26,3) and moved East
Avatar 2 is in position (48,80) and moved East
Avatar 1 is in position (84,2) and moved West
Avatar 3 is in position (80,3) and moved North
Avatar 0 is in position (27,3) and moved North
Avatar 2 is in position (48,80) and moved South
Avatar 1 is in position (83,2) and moved South
Avatar 3 is in position (80,2) and moved East
Avatar 0 is in position (27,2) and moved West
Avatar 2 is in position (48,81) and moved East
Avatar 1 is in position (83,2) and moved West
Avatar 3 is in position (81,2) and moved East
Avatar 0 is in position (27,2) and moved North
Avatar 2 is in position (48,81) and moved South
Avatar 1 is in position (82,2) and moved South
Avatar 3 is in position (82,2) and moved South
Avatar 0 is in position (27,2) and moved East
Avatar 1 is in position (82,3) and moved East
Avatar 2 is in position (48,82) and moved East
Avatar 3 is in position (82,3) and moved East
Avatar 0 is in position (28,2) and moved North
Avatar 2 is in position (49,82) and moved North
Avatar 1 is in position (83,3) and moved East
Avatar 3 is in position (83,3) and moved East
Avatar 0 is in position (28,2) and moved East
Avatar 2 is in position (49,82) and moved East
Avatar 1 is in position (84,3) and moved East
Avatar 3 is in position (84,3) and moved South
Avatar 0 is in position (29,2) and moved North
Avatar 2 is in position (50,82) and moved North
Avatar 1 is in position (84,3) and moved South
Avatar 3 is in position (84,4) and moved East
Avatar 0 is in position (29,1) and moved West
Avatar 2 is in position (50,82) and moved East
Avatar 1 is in position (84,4) and moved South
Avatar 3 is in position (84,4) and moved South
Avatar 0 is in position (28,1) and moved West
Avatar 2 is in position (50,82) and moved South
Avatar 1 is in position (84,5) and moved East
Avatar 3 is in position (84,5) and moved East
Avatar 0 is in position (28,1) and moved North
Avatar 2 is in position (50,83) and moved East
Avatar 1 is in position (85,5) and moved North
Avatar 3 is in position (85,5) and moved North
Avatar 0 is in position (28,0) and moved West
Avatar 2 is in position (50,83) and moved South
Avatar 1 is in position (85,4) and moved North
Avatar 3 is in position (85,4) and moved North
Avatar 0 is in position (28,0) and moved North
Avatar 2 is in position (50,83) and moved West
Avatar 1 is in position (85,3) and moved North
Avatar 3 is in position (85,3) and moved North
Avatar 0 is in position (28,0) and moved East
Avatar 2 is in position (49,83) and moved South
Avatar 1 is in position (85,2) and moved North
Avatar 3 is in position (85,2) and moved North
Avatar 0 is in position (29,0) and moved North
Avatar 2 is in position (49,84) and moved East
Avatar 1 is in position (85,1) and moved West
Avatar 3 is in position (85,1) and moved North
Avatar 0 is in position (29,0) and moved East
Avatar 2 is in position (50,84) and moved East
Avatar 1 is in position (85,1) and moved East
Avatar 3 is in position (85,1) and moved East
Avatar 0 is in position (30,0) and moved North
Avatar 2 is in position (50,84) and moved South
Avatar 1 is in position (86,1) and moved North
Avatar 3 is in position (86,1) and moved East
Avatar 0 is in position (30,0) and moved East
Avatar 2 is in position (50,85) and moved East
Avatar 1 is in position (86,1) and moved East
Avatar 3 is in position (87,1) and moved North
Avatar 0 is in position (31,0) and moved North
Avatar 2 is in position (51,85) and moved North
Avatar 1 is in position (87,1) and moved East
Avatar 3 is in position (87,1) and moved South
Avatar 0 is in position (31,0) and moved East
Avatar 2 is in position (51,84) and moved North
Avatar 1 is in position (87,1) and moved West
Avatar 3 is in position (87,1) and moved West
Avatar 0 is in position (32,0) and moved North
Avatar 1 is in position (86,1) and moved South
Avatar 2 is in position (51,83) and moved North
Avatar 3 is in position (86,1) and moved South
Avatar 0 is in position (32,0) and moved East
Avatar 2 is in position (51,83) and moved East
Avatar 1 is in position (86,2) and moved East
Avatar 3 is in position (86,2) and moved East
Avatar 0 is in position (33,0) and moved North
Avatar 2 is in position (51,83) and moved South
Avatar 1 is in position (87,2) and moved East
Avatar 3 is in position (87,2) and moved East
Avatar 0 is in position (33,0) and moved East
Avatar 1 is in position (88,2) and moved North
Avatar 2 is in position (51,84) and moved East
Avatar 3 is in position (88,2) and moved East
Avatar 0 is in position (33,0) and moved South
Avatar 2 is in position (51,84) and moved South
Avatar 1 is in position (88,2) and moved East
Avatar 3 is in position (89,2) and moved North
Avatar 0 is in position (33,1) and moved East
Avatar 2 is in position (51,85) and moved East
Avatar 1 is in position (89,2) and moved East
Avatar 3 is in position (89,2) and moved South
Avatar 0 is in position (33,1) and moved South
Avatar 2 is in position (51,85) and moved South
Avatar 1 is in position (89,2) and moved South
Avatar 3 is in position (89,3) and moved East
Avatar 0 is in position (33,1) and moved West
Avatar 2 is in position (51,86) and moved East
Avatar 1 is in position (89,3) and moved East
Avatar 3 is in position (90,3) and moved North
Avatar 0 is in position (32,1) and moved South
Avatar 2 is in position (52,86) and moved North
Avatar 1 is in position (90,3) and moved East
Avatar 3 is in position (90,3) and moved South
Avatar 0 is in position (32,2) and moved East
Avatar 2 is in position (52,86) and moved East
Avatar 1 is in position (90,3) and moved South
Avatar 3 is in position (90,4) and moved East
Avatar 0 is in position (33,2) and moved East
Avatar 2 is in position (52,86) and moved South
Avatar 1 is in position (90,4) and moved South
Avatar 3 is in position (90,4) and moved South
Avatar 0 is in position (34,2) and moved North
Avatar 2 is in position (52,86) and moved West
Avatar 1 is in position (90,5) and moved East
Avatar 3 is in position (90,5) and moved East
Avatar 0 is in position (34,2) and moved East
Avatar 2 is in position (51,86) and moved South
Avatar 1 is in position (91,5) and moved North
Avatar 3 is in position (91,5) and moved North
Avatar 0 is in position (35,2) and moved North
Avatar 1 is in position (91,4) and moved North
Avatar 2 is in position (51,86) and moved West
Avatar 3 is in position (91,4) and moved North
Avatar 0 is in position (35,2) and moved East
Avatar 1 is in position (91,3) and moved North
Avatar 2 is in position (50,86) and moved South
Avatar 3 is in position (91,3) and moved East
Avatar 0 is in position (35,2) and moved South
Avatar 1 is in position (91,3) and moved South
Avatar 2 is in position (50,86) and moved West
Avatar 3 is in position (91,3) and moved South
Avatar 0 is in position (35,3) and moved East
Avatar 1 is in position (91,4) and moved East
Avatar 2 is in position (50,86) and moved North
Avatar 3 is in position (91,4) and moved South
Avatar 0 is in position (35,3) and moved South
Avatar 1 is in position (91,4) and moved South
Avatar 2 is in position (50,86) and moved East
Avatar 3 is in position (91,5) and moved East
Avatar 0 is in position (35,4) and moved East
Avatar 1 is in position (91,5) and moved South
Avatar 2 is in position (51,86) and moved North
Avatar 3 is in position (91,5) and moved West
Avatar 0 is in position (36,4) and moved North
Avatar 1 is in position (91,5) and moved West
Avatar 2 is in position (51,85) and moved West
Avatar 3 is in position (90,5) and moved South
Avatar 0 is in position (36,4) and moved East
Avatar 1 is in position (90,5) and moved West
Avatar 2 is in position (50,85) and moved West
Avatar 3 is in position (90,5) and moved North
Avatar 0 is in position (36,4) and moved South
Avatar 1 is in position (90,5) and moved North
Avatar 2 is in position (50,85) and moved North
Avatar 3 is in position (90,4) and moved West
Avatar 0 is in position (36,5) and moved East
Avatar 1 is in position (90,4) and moved North
Avatar 2 is in position (50,84) and moved West
Avatar 3 is in position (90,4) and moved North
Avatar 0 is in position (36,5) and moved South
Avatar 1 is in position (90,3) and moved West
Avatar 2 is in position (49,84) and moved South
Avatar 3 is in position (90,3) and moved West
Avatar 0 is in position (36,5) and moved West
Avatar 1 is in position (89,3) and moved South
Avatar 2 is in position (49,84) and moved West
Avatar 3 is in position (89,3) and moved West
Avatar 0 is in position (35,5) and moved South
Avatar 1 is in position (89,3) and moved North
Avatar 2 is in position (49,84) and moved North
Avatar 3 is in position (89,3) and moved North
Avatar 0 is in position (35,6) and moved East
Avatar 1 is in position (89,2) and moved West
Avatar 2 is in position (49,83) and moved West
Avatar 3 is in position (89,2) and moved West
Avatar 0 is in position (36,6) and moved East
Avatar 1 is in position (88,2) and moved South
Avatar 2 is in position (48,83) and moved South
Avatar 3 is in position (88,2) and moved South
Avatar 0 is in position (37,6) and moved North
Avatar 1 is in position (88,3) and moved South
Avatar 2 is in position (48,83) and moved West
Avatar 3 is in position (88,3) and moved West
Avatar 0 is in position (37,5) and moved North
Avatar 1 is in position (88,3) and moved West
Avatar 2 is in position (48,83) and moved North
Avatar 3 is in position (87,3) and moved South
Avatar 0 is in position (37,5) and moved East
Avatar 1 is in position (87,3) and moved South
Avatar 2 is in position (48,83) and moved East
Avatar 3 is in position (87,4) and moved East
Avatar 0 is in position (38,5) and moved North
Avatar 1 is in position (87,4) and moved South
Avatar 2 is in position (49,83) and moved North
Avatar 3 is in position (87,4) and moved West
Avatar 0 is in position (38,4) and moved West
Avatar 1 is in position (87,4) and moved West
Avatar 2 is in position (49,83) and moved East
Avatar 3 is in position (86,4) and moved South
Avatar 0 is in position (38,4) and moved North
Avatar 2 is in position (50,83) and moved North
Avatar 1 is in position (86,4) and moved South
Avatar 3 is in position (86,5) and moved East
Avatar 0 is in position (38,4) and moved East
Avatar 2 is in position (50,82) and moved West
Avatar 1 is in position (86,5) and moved South
Avatar 3 is in position (86,5) and moved South
Avatar 0 is in position (39,4) and moved North
Avatar 1 is in position (86,6) and moved East
Avatar 2 is in position (49,82) and moved West
Avatar 3 is in position (86,6) and moved South
Avatar 0 is in position (39,3) and moved West
Avatar 2 is in position (48,82) and moved West
Avatar 1 is in position (86,6) and moved South
Avatar 3 is in position (86,7) and moved East
Avatar 0 is in position (39,3) and moved North
Avatar 1 is in position (86,7) and moved South
Avatar 2 is in position (47,82) and moved South
Avatar 3 is in position (86,7) and moved South
Avatar 0 is in position (39,2) and moved West
Avatar 1 is in position (86,8) and moved East
Avatar 2 is in position (47,82) and moved West
Avatar 3 is in position (86,8) and moved South
Avatar 0 is in position (39,2) and moved North
Avatar 2 is in position (47,82) and moved North
Avatar 1 is in position (86,8) and moved South
Avatar 3 is in position (86,9) and moved East
Avatar 0 is in position (39,2) and moved East
Avatar 2 is in position (47,82) and moved East
Avatar 1 is in position (86,9) and moved South
Avatar 3 is in position (86,9) and moved West
Avatar 0 is in position (40,2) and moved North
Avatar 2 is in position (48,82) and moved North
Avatar 1 is in position (86,9) and moved West
Avatar 3 is in position (85,9) and moved South
Avatar 0 is in position (40,1) and moved West
Avatar 2 is in position (48,81) and moved West
Avatar 1 is in position (85,9) and moved West
Avatar 3 is in position (85,9) and moved West
Avatar 0 is in position (39,1) and moved West
Avatar 2 is in position (48,81) and moved North
Avatar 1 is in position (84,9) and moved South
Avatar 3 is in position (84,9) and moved South
Avatar 0 is in position (39,1) and moved North
Avatar 2 is in position (48,80) and moved West
Avatar 1 is in position (84,10) and moved East
Avatar 3 is in position (84,10) and moved South
Avatar 0 is in position (39,0) and moved West
Avatar 2 is in position (48,80) and moved North
Avatar 1 is in position (84,10) and moved West
Avatar 3 is in position (84,10) and moved West
Avatar 0 is in position (38,0) and moved South
Avatar 2 is in position (48,79) and moved West
Avatar 1 is in position (83,10) and moved South
Avatar 3 is in position (83,10) and moved West
Avatar 0 is in position (38,0) and moved West
Avatar 2 is in position (48,79) and moved North
Avatar 1 is in position (83,10) and moved North
Avatar 3 is in position (83,10) and moved North
Avatar 0 is in position (37,0) and moved South
Avatar 1 is in position (83,9) and moved West
Avatar 2 is in position (48,78) and moved West
Avatar 3 is in position (83,9) and moved West
Avatar 0 is in position (37,0) and moved West
Avatar 2 is in position (48,78) and moved North
Avatar 1 is in position (82,9) and moved South
Avatar 3 is in position (82,9) and moved South
Avatar 0 is in position (36,0) and moved South
Avatar 1 is in position (82,10) and moved South
Avatar 2 is in position (48,77) and moved West
Avatar 3 is in position (82,10) and moved South
Avatar 0 is in position (36,0) and moved West
Avatar 2 is in position (47,77) and moved South
Avatar 1 is in position (82,11) and moved East
Avatar 3 is in position (82,11) and moved South
Avatar 0 is in position (35,0) and moved South
Avatar 2 is in position (47,77) and moved West
Avatar 1 is in position (82,11) and moved South
Avatar 3 is in position (82,12) and moved East
Avatar 0 is in position (35,0) and moved West
Avatar 2 is in position (46,77) and moved South
Avatar 1 is in position (82,12) and moved East
Avatar 3 is in position (83,12) and moved North
Avatar 0 is in position (34,0) and moved South
Avatar 2 is in position (46,77) and moved West
Avatar 1 is in position (83,12) and moved East
Avatar 3 is in position (83,12) and moved South
Avatar 0 is in position (34,1) and moved East
Avatar 2 is in position (45,77) and moved South
Avatar 1 is in position (83,12) and moved South
Avatar 3 is in position (83,13) and moved East
Avatar 0 is in position (35,1) and moved East
Avatar 2 is in position (45,77) and moved West
Avatar 1 is in position (83,13) and moved South
Avatar 3 is in position (83,13) and moved South
Avatar 0 is in position (36,1) and moved East
Avatar 2 is in position (45,77) and moved North
Avatar 1 is in position (83,14) and moved East
Avatar 3 is in position (83,14) and moved South
Avatar 0 is in position (37,1) and moved East
Avatar 1 is in position (83,14) and moved South
Avatar 2 is in position (45,76) and moved West
Avatar 3 is in position (83,15) and moved East
Avatar 0 is in position (38,1) and moved South
Avatar 2 is in position (45,76) and moved North
Avatar 1 is in position (83,15) and moved South
Avatar 3 is in position (83,15) and moved West
Avatar 0 is in position (38,2) and moved South
Avatar 1 is in position (83,15) and moved West
Avatar 2 is in position (45,75) and moved West
Avatar 3 is in position (82,15) and moved South
Avatar 0 is in position (38,2) and moved West
Avatar 2 is in position (45,75) and moved North
Avatar 1 is in position (82,15) and moved South
Avatar 3 is in position (82,16) and moved East
Avatar 0 is in position (37,2) and moved South
Avatar 2 is in position (45,75) and moved East
Avatar 1 is in position (82,16) and moved South
Avatar 3 is in position (82,16) and moved West
Avatar 0 is in position (37,2) and moved West
Avatar 2 is in position (45,75) and moved South
Avatar 1 is in position (82,16) and moved West
Avatar 3 is in position (81,16) and moved South
Avatar 0 is in position (36,2) and moved North
Avatar 2 is in position (45,76) and moved East
Avatar 1 is in position (81,16) and moved West
Avatar 3 is in position (81,16) and moved North
Avatar 0 is in position (36,2) and moved East
Avatar 2 is in position (45,76) and moved South
Avatar 1 is in position (81,16) and moved North
Avatar 3 is in position (81,15) and moved West
Avatar 0 is in position (37,2) and moved North
Avatar 2 is in position (45,77) and moved East
Avatar 1 is in position (81,15) and moved North
Avatar 3 is in position (81,15) and moved North
Avatar 0 is in position (37,2) and moved East
Avatar 1 is in position (81,14) and moved West
Avatar 2 is in position (46,77) and moved North
Avatar 3 is in position (81,14) and moved North
Avatar 0 is in position (38,2) and moved North
Avatar 2 is in position (46,77) and moved East
Avatar 1 is in position (81,14) and moved North
Avatar 3 is in position (81,13) and moved West
Avatar 0 is in position (38,1) and moved West
Avatar 2 is in position (47,77) and moved North
Avatar 1 is in position (81,13) and moved West
Avatar 3 is in position (80,13) and moved South
Avatar 0 is in position (37,1) and moved West
Avatar 2 is in position (47,77) and moved East
Avatar 1 is in position (80,13) and moved West
Avatar 3 is in position (80,13) and moved West
Avatar 0 is in position (36,1) and moved West
Avatar 1 is in position (79,13) and moved South
Avatar 2 is in position (48,77) and moved North
Avatar 3 is in position (79,13) and moved West
Avatar 0 is in position (35,1) and moved West
Avatar 2 is in position (48,77) and moved East
Avatar 1 is in position (79,13) and moved West
Avatar 3 is in position (78,13) and moved South
Avatar 0 is in position (34,1) and moved North
Avatar 2 is in position (48,77) and moved South
Avatar 1 is in position (78,13) and moved West
Avatar 3 is in position (78,13) and moved West
Avatar 0 is in position (34,0) and moved North
Avatar 2 is in position (48,78) and moved East
Avatar 1 is in position (77,13) and moved South
Avatar 3 is in position (77,13) and moved West
Avatar 0 is in position (34,0) and moved East
Avatar 2 is in position (49,78) and moved North
Avatar 1 is in position (77,13) and moved West
Avatar 3 is in position (76,13) and moved South
Avatar 0 is in position (35,0) and moved North
Avatar 2 is in position (49,77) and moved North
Avatar 1 is in position (76,13) and moved South
Avatar 3 is in position (76,14) and moved East
Avatar 0 is in position (35,0) and moved East
Avatar 2 is in position (49,77) and moved East
Avatar 1 is in position (76,14) and moved East
Avatar 3 is in position (77,14) and moved East
Avatar 0 is in position (36,0) and moved North
Avatar 2 is in position (50,77) and moved North
Avatar 1 is in position (77,14) and moved East
Avatar 3 is in position (78,14) and moved East
Avatar 0 is in position (36,0) and moved East
Avatar 2 is in position (50,77) and moved East
Avatar 1 is in position (78,14) and moved East
Avatar 3 is in position (79,14) and moved East
Avatar 0 is in position (37,0) and moved North
Avatar 1 is in position (79,14) and moved South
Avatar 2 is in position (50,77) and moved South
Avatar 3 is in position (79,14) and moved South
Avatar 0 is in position (37,0) and moved East
Avatar 1 is in position (79,15) and moved East
Avatar 2 is in position (50,78) and moved East
Avatar 3 is in position (79,15) and moved East
Avatar 0 is in position (38,0) and moved North
Avatar 2 is in position (51,78) and moved North
Avatar 1 is in position (80,15) and moved South
Avatar 3 is in position (80,15) and moved South
Avatar 0 is in position (38,0) and moved East
Avatar 2 is in position (51,78) and moved East
Avatar 1 is in position (80,16) and moved South
Avatar 3 is in position (80,16) and moved South
Avatar 0 is in position (39,0) and moved North
Avatar 2 is in position (52,78) and moved North
Avatar 1 is in position (80,17) and moved East
Avatar 3 is in position (80,17) and moved South
Avatar 0 is in position (39,0) and moved East
Avatar 2 is in position (52,78) and moved East
Avatar 1 is in position (80,17) and moved South
Avatar 3 is in position (80,18) and moved East
Avatar 0 is in position (40,0) and moved North
Avatar 2 is in position (53,78) and moved North
Avatar 1 is in position (80,18) and moved East
Avatar 3 is in position (81,18) and moved North
Avatar 0 is in position (40,0) and moved East
Avatar 2 is in position (53,77) and moved West
Avatar 1 is in position (81,18) and moved North
Avatar 3 is in position (81,17) and moved East
Avatar 0 is in position (41,0) and moved North
Avatar 1 is in position (81,17) and moved East
Avatar 2 is in position (53,77) and moved North
Avatar 3 is in position (82,17) and moved East
Avatar 0 is in position (41,0) and moved East
Avatar 2 is in position (53,76) and moved West
Avatar 1 is in position (82,17) and moved East
Avatar 3 is in position (83,17) and moved North
Avatar 0 is in position (41,0) and moved South
Avatar 1 is in position (83,17) and moved East
Avatar 2 is in position (53,76) and moved North
Avatar 3 is in position (83,17) and moved East
Avatar 0 is in position (41,1) and moved East
Avatar 2 is in position (53,76) and moved East
Avatar 1 is in position (84,17) and moved North
Avatar 3 is in position (84,17) and moved North
Avatar 0 is in position (42,1) and moved North
Avatar 1 is in position (84,16) and moved North
Avatar 2 is in position (53,76) and moved South
Avatar 3 is in position (84,16) and moved East
Avatar 0 is in position (42,0) and moved North
Avatar 2 is in position (53,77) and moved East
Avatar 1 is in position (84,16) and moved East
Avatar 3 is in position (85,16) and moved North
Avatar 0 is in position (42,0) and moved East
Avatar 2 is in position (53,77) and moved South
Avatar 1 is in position (85,16) and moved North
Avatar 3 is in position (85,15) and moved West
Avatar 0 is in position (43,0) and moved North
Avatar 2 is in position (53,78) and moved East
Avatar 1 is in position (85,15) and moved West
Avatar 3 is in position (84,15) and moved North
Avatar 0 is in position (43,0) and moved East
Avatar 1 is in position (84,15) and moved North
Avatar 2 is in position (54,78) and moved North
Avatar 3 is in position (84,14) and moved North
Avatar 0 is in position (44,0) and moved North
Avatar 2 is in position (54,78) and moved East
Avatar 1 is in position (84,14) and moved North
Avatar 3 is in position (84,13) and moved North
Avatar 0 is in position (44,0) and moved East
Avatar 2 is in position (55,78) and moved North
Avatar 1 is in position (84,13) and moved East
Avatar 3 is in position (84,13) and moved East
Avatar 0 is in position (44,0) and moved South
Avatar 1 is in position (85,13) and moved North
Avatar 2 is in position (55,78) and moved East
Avatar 3 is in position (85,13) and moved East
Avatar 0 is in position (44,0) and moved West
Avatar 2 is in position (56,78) and moved North
Avatar 1 is in position (85,13) and moved East
Avatar 3 is in position (86,13) and moved North
Avatar 0 is in position (43,0) and moved South
Avatar 2 is in position (56,78) and moved East
Avatar 1 is in position (86,13) and moved North
Avatar 3 is in position (86,12) and moved West
Avatar 0 is in position (43,0) and moved West
Avatar 2 is in position (57,78) and moved North
Avatar 1 is in position (86,12) and moved North
Avatar 3 is in position (86,12) and moved North
