bholland, 38181, Mon May 27 19:27:33 EDT 2013
Avatar 0 is in position (13,2) and moved West
Avatar 1 is in position (34,2) and moved West
Avatar 2 is in position (18,0) and moved West
Avatar 3 is in position (2,15) and moved West
Avatar 0 is in position (12,2) and moved South
Avatar 1 is in position (33,2) and moved South
Avatar 2 is in position (17,0) and moved South
Avatar 3 is in position (2,15) and moved North
Avatar 0 is in position (12,3) and moved East
Avatar 2 is in position (17,0) and moved West
Avatar 1 is in position (33,3) and moved East
Avatar 3 is in position (2,14) and moved West
Avatar 0 is in position (12,3) and moved South
Avatar 2 is in position (16,0) and moved South
Avatar 1 is in position (33,3) and moved South
Avatar 3 is in position (2,14) and moved North
Avatar 0 is in position (12,3) and moved West
Avatar 2 is in position (16,0) and moved West
Avatar 1 is in position (33,3) and moved West
Avatar 3 is in position (2,13) and moved West
Avatar 0 is in position (11,3) and moved South
Avatar 2 is in position (15,0) and moved South
Avatar 1 is in position (32,3) and moved South
Avatar 3 is in position (1,13) and moved South
Avatar 0 is in position (11,3) and moved West
Avatar 1 is in position (32,3) and moved West
Avatar 2 is in position (15,1) and moved East
Avatar 3 is in position (1,13) and moved West
Avatar 0 is in position (10,3) and moved South
Avatar 1 is in position (31,3) and moved South
Avatar 2 is in position (15,1) and moved South
Avatar 3 is in position (0,13) and moved South
Avatar 0 is in position (10,4) and moved East
Avatar 1 is in position (31,3) and moved West
Avatar 2 is in position (15,2) and moved East
Avatar 3 is in position (0,14) and moved East
Avatar 0 is in position (10,4) and moved South
Avatar 1 is in position (31,3) and moved North
Avatar 2 is in position (15,2) and moved South
Avatar 3 is in position (1,14) and moved South
Avatar 0 is in position (10,5) and moved East
Avatar 2 is in position (15,3) and moved East
Avatar 1 is in position (31,2) and moved West
Avatar 3 is in position (1,15) and moved South
Avatar 0 is in position (11,5) and moved North
Avatar 1 is in position (31,2) and moved North
Avatar 2 is in position (16,3) and moved North
Avatar 3 is in position (1,15) and moved West
Avatar 0 is in position (11,4) and moved East
Avatar 1 is in position (31,1) and moved West
Avatar 2 is in position (16,3) and moved East
Avatar 3 is in position (0,15) and moved South
Avatar 0 is in position (11,4) and moved South
Avatar 2 is in position (16,3) and moved South
Avatar 1 is in position (31,1) and moved North
Avatar 3 is in position (0,16) and moved East
Avatar 0 is in position (11,5) and moved East
Avatar 1 is in position (31,1) and moved East
Avatar 2 is in position (16,4) and moved East
Avatar 3 is in position (1,16) and moved East
Avatar 0 is in position (11,5) and moved South
Avatar 1 is in position (31,1) and moved South
Avatar 2 is in position (17,4) and moved North
Avatar 3 is in position (2,16) and moved North
Avatar 0 is in position (11,5) and moved West
Avatar 2 is in position (17,4) and moved East
Avatar 1 is in position (31,2) and moved East
Avatar 3 is in position (2,16) and moved East
Avatar 0 is in position (10,5) and moved South
Avatar 1 is in position (31,2) and moved South
Avatar 2 is in position (18,4) and moved North
Avatar 3 is in position (2,16) and moved South
Avatar 0 is in position (10,5) and moved West
Avatar 1 is in position (31,3) and moved East
Avatar 2 is in position (18,4) and moved East
Avatar 3 is in position (2,17) and moved East
Avatar 0 is in position (9,5) and moved South
Avatar 1 is in position (32,3) and moved North
Avatar 2 is in position (19,4) and moved North
Avatar 3 is in position (2,17) and moved South
Avatar 0 is in position (9,6) and moved East
Avatar 1 is in position (32,2) and moved North
Avatar 2 is in position (19,4) and moved East
Avatar 3 is in position (2,17) and moved West
Avatar 0 is in position (9,6) and moved South
Avatar 2 is in position (20,4) and moved North
Avatar 1 is in position (32,1) and moved North
Avatar 3 is in position (1,17) and moved South
Avatar 0 is in position (9,6) and moved West
Avatar 1 is in position (32,1) and moved East
Avatar 2 is in position (20,4) and moved East
Avatar 3 is in position (1,18) and moved East
Avatar 0 is in position (8,6) and moved South
Avatar 1 is in position (33,1) and moved North
Avatar 2 is in position (21,4) and moved North
Avatar 3 is in position (2,18) and moved East
Avatar 0 is in position (8,6) and moved West
Avatar 1 is in position (33,1) and moved East
Avatar 2 is in position (21,4) and moved East
Avatar 3 is in position (3,18) and moved North
Avatar 0 is in position (7,6) and moved South
Avatar 1 is in position (34,1) and moved North
Avatar 2 is in position (22,4) and moved North
Avatar 3 is in position (3,18) and moved East
Avatar 0 is in position (7,6) and moved West
Avatar 1 is in position (34,0) and moved West
Avatar 2 is in position (22,4) and moved East
Avatar 3 is in position (4,18) and moved North
Avatar 0 is in position (6,6) and moved South
Avatar 1 is in position (33,0) and moved West
Avatar 2 is in position (22,4) and moved South
Avatar 3 is in position (4,18) and moved East
Avatar 0 is in position (6,7) and moved East
Avatar 1 is in position (32,0) and moved West
Avatar 2 is in position (22,5) and moved East
Avatar 3 is in position (4,18) and moved South
Avatar 0 is in position (6,7) and moved South
Avatar 1 is in position (31,0) and moved West
Avatar 2 is in position (22,5) and moved South
Avatar 3 is in position (4,19) and moved East
Avatar 0 is in position (6,7) and moved West
Avatar 1 is in position (30,0) and moved South
Avatar 2 is in position (22,6) and moved East
Avatar 3 is in position (4,19) and moved South
Avatar 0 is in position (5,7) and moved South
Avatar 2 is in position (23,6) and moved North
Avatar 1 is in position (30,1) and moved South
Avatar 3 is in position (4,20) and moved East
Avatar 0 is in position (5,8) and moved East
Avatar 1 is in position (30,2) and moved South
Avatar 2 is in position (23,6) and moved East
Avatar 3 is in position (4,20) and moved South
Avatar 0 is in position (5,8) and moved South
Avatar 2 is in position (24,6) and moved North
Avatar 1 is in position (30,3) and moved South
Avatar 3 is in position (4,21) and moved East
Avatar 0 is in position (5,8) and moved West
Avatar 1 is in position (30,3) and moved West
Avatar 2 is in position (24,6) and moved East
Avatar 3 is in position (4,21) and moved South
Avatar 0 is in position (4,8) and moved South
Avatar 1 is in position (29,3) and moved South
Avatar 2 is in position (25,6) and moved North
Avatar 3 is in position (4,22) and moved East
Avatar 0 is in position (4,8) and moved West
Avatar 2 is in position (25,5) and moved West
Avatar 1 is in position (29,4) and moved East
Avatar 3 is in position (4,22) and moved South
Avatar 0 is in position (4,8) and moved North
Avatar 1 is in position (29,4) and moved South
Avatar 2 is in position (25,5) and moved North
Avatar 3 is in position (4,22) and moved West
Avatar 0 is in position (4,7) and moved West
Avatar 1 is in position (29,4) and moved West
Avatar 2 is in position (25,5) and moved East
Avatar 3 is in position (3,22) and moved South
Avatar 0 is in position (4,7) and moved North
Avatar 1 is in position (28,4) and moved South
Avatar 2 is in position (26,5) and moved North
Avatar 3 is in position (3,22) and moved West
Avatar 0 is in position (4,6) and moved West
Avatar 2 is in position (26,5) and moved East
Avatar 1 is in position (28,4) and moved West
Avatar 3 is in position (2,22) and moved South
Avatar 0 is in position (4,6) and moved North
Avatar 2 is in position (27,5) and moved North
Avatar 1 is in position (28,4) and moved North
Avatar 3 is in position (2,23) and moved East
Avatar 0 is in position (4,5) and moved West
Avatar 1 is in position (28,3) and moved West
Avatar 2 is in position (27,5) and moved East
Avatar 3 is in position (3,23) and moved East
Avatar 0 is in position (4,5) and moved North
Avatar 2 is in position (28,5) and moved East
Avatar 1 is in position (28,3) and moved North
Avatar 3 is in position (3,23) and moved South
Avatar 0 is in position (4,5) and moved East
Avatar 1 is in position (28,2) and moved West
Avatar 2 is in position (29,5) and moved East
Avatar 3 is in position (3,24) and moved East
Avatar 0 is in position (5,5) and moved North
Avatar 2 is in position (30,5) and moved North
Avatar 1 is in position (28,2) and moved North
Avatar 3 is in position (4,24) and moved North
Avatar 0 is in position (5,5) and moved East
Avatar 1 is in position (28,2) and moved East
Avatar 2 is in position (30,4) and moved East
Avatar 3 is in position (4,23) and moved East
Avatar 0 is in position (6,5) and moved North
Avatar 1 is in position (29,2) and moved North
Avatar 2 is in position (31,4) and moved East
Avatar 3 is in position (5,23) and moved North
Avatar 0 is in position (6,4) and moved West
Avatar 1 is in position (29,1) and moved West
Avatar 2 is in position (32,4) and moved East
Avatar 3 is in position (5,23) and moved East
Avatar 0 is in position (6,4) and moved North
Avatar 1 is in position (29,1) and moved North
Avatar 2 is in position (33,4) and moved East
Avatar 3 is in position (6,23) and moved North
Avatar 0 is in position (6,3) and moved West
Avatar 1 is in position (29,0) and moved West
Avatar 2 is in position (33,4) and moved South
Avatar 3 is in position (6,23) and moved East
Avatar 0 is in position (6,3) and moved North
Avatar 1 is in position (28,0) and moved South
Avatar 2 is in position (33,5) and moved East
Avatar 3 is in position (7,23) and moved North
Avatar 0 is in position (6,3) and moved East
Avatar 2 is in position (33,5) and moved South
Avatar 1 is in position (28,1) and moved West
Avatar 3 is in position (7,23) and moved East
Avatar 0 is in position (7,3) and moved North
Avatar 1 is in position (27,1) and moved South
Avatar 2 is in position (33,6) and moved East
Avatar 3 is in position (8,23) and moved North
Avatar 0 is in position (7,2) and moved West
Avatar 1 is in position (27,2) and moved South
Avatar 2 is in position (33,6) and moved South
Avatar 3 is in position (8,23) and moved East
Avatar 0 is in position (7,2) and moved North
Avatar 1 is in position (27,3) and moved South
Avatar 2 is in position (33,7) and moved East
Avatar 3 is in position (9,23) and moved North
Avatar 0 is in position (7,1) and moved West
Avatar 2 is in position (33,7) and moved South
Avatar 1 is in position (27,4) and moved West
Avatar 3 is in position (9,23) and moved East
Avatar 0 is in position (7,1) and moved North
Avatar 2 is in position (33,7) and moved West
Avatar 1 is in position (26,4) and moved West
Avatar 3 is in position (10,23) and moved North
Avatar 0 is in position (7,0) and moved West
Avatar 1 is in position (25,4) and moved West
Avatar 2 is in position (32,7) and moved South
Avatar 3 is in position (10,23) and moved East
Avatar 0 is in position (6,0) and moved South
Avatar 1 is in position (25,4) and moved North
Avatar 2 is in position (32,7) and moved West
Avatar 3 is in position (11,23) and moved North
Avatar 0 is in position (6,1) and moved South
Avatar 1 is in position (25,3) and moved West
Avatar 2 is in position (32,7) and moved North
Avatar 3 is in position (11,23) and moved East
Avatar 0 is in position (6,2) and moved West
Avatar 1 is in position (24,3) and moved South
Avatar 2 is in position (32,6) and moved West
Avatar 3 is in position (11,23) and moved South
Avatar 0 is in position (5,2) and moved South
Avatar 1 is in position (24,3) and moved West
Avatar 2 is in position (31,6) and moved South
Avatar 3 is in position (11,23) and moved West
Avatar 0 is in position (5,2) and moved West
Avatar 2 is in position (31,7) and moved South
Avatar 1 is in position (23,3) and moved South
Avatar 3 is in position (10,23) and moved South
Avatar 0 is in position (4,2) and moved South
Avatar 2 is in position (31,8) and moved East
Avatar 1 is in position (23,4) and moved East
Avatar 3 is in position (10,23) and moved West
Avatar 0 is in position (4,3) and moved East
Avatar 1 is in position (24,4) and moved South
Avatar 2 is in position (32,8) and moved East
Avatar 3 is in position (9,23) and moved South
Avatar 0 is in position (4,3) and moved South
Avatar 1 is in position (24,5) and moved West
Avatar 2 is in position (33,8) and moved East
Avatar 3 is in position (9,23) and moved West
Avatar 0 is in position (4,4) and moved West
Avatar 1 is in position (23,5) and moved North
Avatar 2 is in position (34,8) and moved North
Avatar 3 is in position (8,23) and moved South
Avatar 0 is in position (3,4) and moved South
Avatar 2 is in position (34,8) and moved East
Avatar 1 is in position (23,5) and moved East
Avatar 3 is in position (8,23) and moved West
Avatar 0 is in position (3,4) and moved West
Avatar 1 is in position (24,5) and moved North
Avatar 2 is in position (34,8) and moved South
Avatar 3 is in position (7,23) and moved South
Avatar 0 is in position (3,4) and moved North
Avatar 1 is in position (24,4) and moved West
Avatar 2 is in position (34,9) and moved East
Avatar 3 is in position (7,23) and moved West
Avatar 0 is in position (3,3) and moved West
Avatar 1 is in position (23,4) and moved North
Avatar 2 is in position (34,9) and moved South
Avatar 3 is in position (6,23) and moved South
Avatar 0 is in position (3,3) and moved North
Avatar 1 is in position (23,3) and moved West
Avatar 2 is in position (34,10) and moved East
Avatar 3 is in position (6,24) and moved East
Avatar 0 is in position (3,2) and moved West
Avatar 2 is in position (34,10) and moved South
Avatar 1 is in position (22,3) and moved West
Avatar 3 is in position (7,24) and moved East
Avatar 0 is in position (2,2) and moved South
Avatar 2 is in position (34,11) and moved East
Avatar 1 is in position (21,3) and moved West
Avatar 3 is in position (8,24) and moved East
Avatar 0 is in position (2,2) and moved West
Avatar 1 is in position (20,3) and moved West
Avatar 2 is in position (34,11) and moved South
Avatar 3 is in position (9,24) and moved East
Avatar 0 is in position (2,2) and moved North
Avatar 2 is in position (34,12) and moved East
Avatar 1 is in position (19,3) and moved West
Avatar 3 is in position (10,24) and moved East
Avatar 0 is in position (2,1) and moved West
Avatar 2 is in position (34,12) and moved South
Avatar 1 is in position (18,3) and moved West
Avatar 3 is in position (11,24) and moved East
Avatar 0 is in position (2,1) and moved North
Avatar 2 is in position (34,13) and moved East
Avatar 1 is in position (17,3) and moved North
Avatar 3 is in position (12,24) and moved North
Avatar 0 is in position (2,0) and moved West
Avatar 2 is in position (34,13) and moved South
Avatar 1 is in position (17,3) and moved East
Avatar 3 is in position (12,23) and moved North
Avatar 0 is in position (1,0) and moved South
Avatar 1 is in position (18,3) and moved North
Avatar 2 is in position (34,13) and moved West
Avatar 3 is in position (12,22) and moved West
Avatar 0 is in position (1,1) and moved South
Avatar 1 is in position (18,3) and moved East
Avatar 2 is in position (33,13) and moved South
Avatar 3 is in position (11,22) and moved West
Avatar 0 is in position (1,2) and moved South
Avatar 2 is in position (33,14) and moved East
Avatar 1 is in position (19,3) and moved North
Avatar 3 is in position (11,22) and moved North
Avatar 0 is in position (1,3) and moved East
Avatar 1 is in position (19,3) and moved East
Avatar 2 is in position (34,14) and moved East
Avatar 3 is in position (11,21) and moved West
Avatar 0 is in position (1,3) and moved South
Avatar 2 is in position (34,14) and moved South
Avatar 1 is in position (20,3) and moved North
Avatar 3 is in position (10,21) and moved South
Avatar 0 is in position (1,3) and moved West
Avatar 1 is in position (20,3) and moved East
Avatar 2 is in position (34,15) and moved East
Avatar 3 is in position (10,22) and moved West
Avatar 0 is in position (0,3) and moved South
Avatar 1 is in position (21,3) and moved North
Avatar 2 is in position (34,15) and moved South
Avatar 3 is in position (9,22) and moved West
Avatar 0 is in position (0,4) and moved East
Avatar 2 is in position (34,16) and moved East
Avatar 1 is in position (21,3) and moved East
Avatar 3 is in position (8,22) and moved West
Avatar 0 is in position (0,4) and moved South
Avatar 2 is in position (34,16) and moved South
Avatar 1 is in position (22,3) and moved North
Avatar 3 is in position (7,22) and moved West
Avatar 0 is in position (0,5) and moved East
Avatar 1 is in position (22,3) and moved East
Avatar 2 is in position (34,16) and moved West
Avatar 3 is in position (7,22) and moved North
Avatar 0 is in position (1,5) and moved North
Avatar 2 is in position (33,16) and moved South
Avatar 1 is in position (23,3) and moved North
Avatar 3 is in position (7,21) and moved West
Avatar 0 is in position (1,5) and moved East
Avatar 2 is in position (33,16) and moved West
Avatar 1 is in position (23,3) and moved East
Avatar 3 is in position (7,21) and moved North
Avatar 0 is in position (1,5) and moved South
Avatar 2 is in position (32,16) and moved South
Avatar 1 is in position (24,3) and moved North
Avatar 3 is in position (7,20) and moved West
Avatar 0 is in position (1,6) and moved East
Avatar 1 is in position (24,3) and moved East
Avatar 2 is in position (32,16) and moved West
Avatar 3 is in position (7,20) and moved North
Avatar 0 is in position (1,6) and moved South
Avatar 1 is in position (25,3) and moved North
Avatar 2 is in position (31,16) and moved South
Avatar 3 is in position (7,19) and moved West
Avatar 0 is in position (1,7) and moved East
Avatar 1 is in position (25,3) and moved East
Avatar 2 is in position (31,16) and moved West
Avatar 3 is in position (7,19) and moved North
Avatar 0 is in position (2,7) and moved North
Avatar 1 is in position (25,3) and moved South
Avatar 2 is in position (31,16) and moved North
Avatar 3 is in position (7,19) and moved East
Avatar 0 is in position (2,7) and moved East
Avatar 2 is in position (31,15) and moved West
Avatar 1 is in position (25,4) and moved East
Avatar 3 is in position (8,19) and moved North
Avatar 0 is in position (2,7) and moved South
Avatar 1 is in position (26,4) and moved North
Avatar 2 is in position (30,15) and moved South
Avatar 3 is in position (8,18) and moved West
Avatar 0 is in position (2,8) and moved East
Avatar 2 is in position (30,16) and moved South
Avatar 1 is in position (26,3) and moved North
Avatar 3 is in position (8,18) and moved North
Avatar 0 is in position (2,8) and moved South
Avatar 2 is in position (30,17) and moved East
Avatar 1 is in position (26,2) and moved West
Avatar 3 is in position (8,17) and moved West
Avatar 0 is in position (2,9) and moved East
Avatar 2 is in position (31,17) and moved East
Avatar 1 is in position (25,2) and moved West
Avatar 3 is in position (8,17) and moved North
Avatar 0 is in position (2,9) and moved South
Avatar 1 is in position (24,2) and moved West
Avatar 2 is in position (32,17) and moved East
Avatar 3 is in position (8,17) and moved East
Avatar 0 is in position (2,10) and moved East
Avatar 2 is in position (33,17) and moved East
Avatar 1 is in position (24,2) and moved North
Avatar 3 is in position (9,17) and moved North
Avatar 0 is in position (3,10) and moved North
Avatar 2 is in position (34,17) and moved East
Avatar 1 is in position (24,1) and moved West
Avatar 3 is in position (9,17) and moved East
Avatar 0 is in position (3,10) and moved East
Avatar 1 is in position (23,1) and moved South
Avatar 2 is in position (34,17) and moved South
Avatar 3 is in position (9,17) and moved South
Avatar 0 is in position (4,10) and moved North
Avatar 2 is in position (34,18) and moved East
Avatar 1 is in position (23,2) and moved West
Avatar 3 is in position (9,18) and moved East
Avatar 0 is in position (4,10) and moved East
Avatar 2 is in position (34,18) and moved South
Avatar 1 is in position (22,2) and moved West
Avatar 3 is in position (9,18) and moved South
Avatar 0 is in position (4,10) and moved South
Avatar 1 is in position (21,2) and moved West
Avatar 2 is in position (34,19) and moved East
Avatar 3 is in position (9,19) and moved East
Avatar 0 is in position (4,11) and moved East
Avatar 2 is in position (34,19) and moved South
Avatar 1 is in position (20,2) and moved West
Avatar 3 is in position (10,19) and moved North
Avatar 0 is in position (4,11) and moved South
Avatar 1 is in position (19,2) and moved West
Avatar 2 is in position (34,20) and moved East
Avatar 3 is in position (10,18) and moved North
Avatar 0 is in position (4,12) and moved East
Avatar 1 is in position (18,2) and moved West
Avatar 2 is in position (34,20) and moved South
Avatar 3 is in position (10,18) and moved East
Avatar 0 is in position (5,12) and moved North
Avatar 1 is in position (17,2) and moved West
Avatar 2 is in position (34,21) and moved East
Avatar 3 is in position (11,18) and moved North
Avatar 0 is in position (5,11) and moved North
Avatar 2 is in position (34,21) and moved South
Avatar 1 is in position (16,2) and moved North
Avatar 3 is in position (11,18) and moved East
Avatar 0 is in position (5,11) and moved East
Avatar 2 is in position (34,21) and moved West
Avatar 1 is in position (16,1) and moved East
Avatar 3 is in position (12,18) and moved North
Avatar 0 is in position (6,11) and moved North
Avatar 2 is in position (33,21) and moved South
Avatar 1 is in position (16,1) and moved South
Avatar 3 is in position (12,18) and moved East
Avatar 0 is in position (6,11) and moved East
Avatar 1 is in position (16,2) and moved East
Avatar 2 is in position (33,22) and moved East
Avatar 3 is in position (13,18) and moved North
Avatar 0 is in position (7,11) and moved North
Avatar 2 is in position (33,22) and moved South
Avatar 1 is in position (17,2) and moved North
Avatar 3 is in position (13,18) and moved East
Avatar 0 is in position (7,11) and moved East
Avatar 2 is in position (33,22) and moved West
Avatar 1 is in position (17,1) and moved East
Avatar 3 is in position (14,18) and moved North
Avatar 0 is in position (7,11) and moved South
Avatar 1 is in position (18,1) and moved North
Avatar 2 is in position (32,22) and moved South
Avatar 3 is in position (14,18) and moved East
Avatar 0 is in position (7,12) and moved East
Avatar 1 is in position (18,0) and moved West
Avatar 2 is in position (32,22) and moved West
Avatar 3 is in position (15,18) and moved North
Avatar 0 is in position (8,12) and moved North
Avatar 2 is in position (31,22) and moved South
Avatar 1 is in position (17,0) and moved West
Avatar 3 is in position (15,17) and moved West
Avatar 0 is in position (8,12) and moved East
Avatar 2 is in position (31,23) and moved East
Avatar 1 is in position (16,0) and moved West
Avatar 3 is in position (15,17) and moved North
Avatar 0 is in position (8,12) and moved South
Avatar 2 is in position (31,23) and moved South
Avatar 1 is in position (15,0) and moved South
Avatar 3 is in position (15,16) and moved West
Avatar 0 is in position (8,13) and moved East
Avatar 2 is in position (31,24) and moved East
Avatar 1 is in position (15,1) and moved South
Avatar 3 is in position (15,16) and moved North
Avatar 0 is in position (9,13) and moved North
Avatar 2 is in position (31,24) and moved South
Avatar 1 is in position (15,2) and moved South
Avatar 3 is in position (15,15) and moved West
Avatar 0 is in position (9,13) and moved East
Avatar 1 is in position (15,3) and moved East
Avatar 2 is in position (31,25) and moved East
Avatar 3 is in position (15,15) and moved North
Avatar 0 is in position (10,13) and moved North
Avatar 2 is in position (31,25) and moved South
Avatar 1 is in position (16,3) and moved South
Avatar 3 is in position (15,15) and moved East
Avatar 0 is in position (10,13) and moved East
Avatar 2 is in position (31,26) and moved East
Avatar 1 is in position (16,4) and moved East
Avatar 3 is in position (16,15) and moved North
Avatar 0 is in position (11,13) and moved North
Avatar 1 is in position (17,4) and moved East
Avatar 2 is in position (32,26) and moved North
Avatar 3 is in position (16,14) and moved West
Avatar 0 is in position (11,13) and moved East
Avatar 2 is in position (32,26) and moved East
Avatar 1 is in position (18,4) and moved East
Avatar 3 is in position (16,14) and moved North
Avatar 0 is in position (11,13) and moved South
Avatar 2 is in position (33,26) and moved North
Avatar 1 is in position (19,4) and moved East
Avatar 3 is in position (16,13) and moved West
Avatar 0 is in position (11,14) and moved East
Avatar 2 is in position (33,26) and moved East
Avatar 1 is in position (20,4) and moved East
Avatar 3 is in position (16,13) and moved North
Avatar 0 is in position (11,14) and moved South
Avatar 2 is in position (33,26) and moved South
Avatar 1 is in position (21,4) and moved East
Avatar 3 is in position (16,12) and moved West
Avatar 0 is in position (11,15) and moved East
Avatar 2 is in position (33,27) and moved East
Avatar 1 is in position (22,4) and moved South
Avatar 3 is in position (15,12) and moved South
Avatar 0 is in position (11,15) and moved South
Avatar 2 is in position (34,27) and moved North
Avatar 1 is in position (22,5) and moved South
Avatar 3 is in position (15,13) and moved South
Avatar 0 is in position (11,16) and moved East
Avatar 1 is in position (22,6) and moved East
Avatar 2 is in position (34,26) and moved North
Avatar 3 is in position (15,13) and moved West
Avatar 0 is in position (12,16) and moved North
Avatar 1 is in position (23,6) and moved East
Avatar 2 is in position (34,25) and moved West
Avatar 3 is in position (14,13) and moved South
Avatar 0 is in position (12,16) and moved East
Avatar 1 is in position (24,6) and moved East
Avatar 2 is in position (33,25) and moved West
Avatar 3 is in position (14,14) and moved South
Avatar 0 is in position (12,16) and moved South
Avatar 2 is in position (33,25) and moved North
Avatar 1 is in position (25,6) and moved North
Avatar 3 is in position (14,15) and moved South
Avatar 0 is in position (12,17) and moved East
Avatar 2 is in position (33,24) and moved West
Avatar 1 is in position (25,5) and moved East
Avatar 3 is in position (14,15) and moved West
Avatar 0 is in position (13,17) and moved North
Avatar 1 is in position (26,5) and moved East
Avatar 2 is in position (32,24) and moved North
Avatar 3 is in position (14,15) and moved North
Avatar 0 is in position (13,17) and moved East
Avatar 2 is in position (32,23) and moved East
Avatar 1 is in position (27,5) and moved East
Avatar 3 is in position (14,14) and moved West
Avatar 0 is in position (14,17) and moved North
Avatar 1 is in position (28,5) and moved East
Avatar 2 is in position (33,23) and moved East
Avatar 3 is in position (14,14) and moved North
Avatar 0 is in position (14,16) and moved West
Avatar 1 is in position (29,5) and moved East
Avatar 2 is in position (34,23) and moved North
Avatar 3 is in position (14,13) and moved West
Avatar 0 is in position (13,16) and moved North
Avatar 1 is in position (30,5) and moved North
Avatar 2 is in position (34,22) and moved East
Avatar 3 is in position (14,13) and moved North
Avatar 0 is in position (13,15) and moved West
Avatar 1 is in position (30,4) and moved East
Avatar 2 is in position (34,22) and moved South
Avatar 3 is in position (14,12) and moved West
Avatar 0 is in position (13,15) and moved North
Avatar 1 is in position (31,4) and moved East
Avatar 2 is in position (34,23) and moved East
Avatar 3 is in position (13,12) and moved South
Avatar 0 is in position (13,14) and moved West
Avatar 2 is in position (34,23) and moved South
Avatar 1 is in position (32,4) and moved East
Avatar 3 is in position (13,12) and moved West
Avatar 0 is in position (13,14) and moved North
Avatar 2 is in position (34,24) and moved East
Avatar 1 is in position (33,4) and moved South
Avatar 3 is in position (13,12) and moved North
Avatar 0 is in position (13,13) and moved West
Avatar 1 is in position (33,5) and moved South
Avatar 2 is in position (34,24) and moved South
Avatar 3 is in position (13,12) and moved East
Avatar 0 is in position (12,13) and moved North
Avatar 1 is in position (33,6) and moved South
Avatar 2 is in position (34,24) and moved West
Avatar 3 is in position (14,12) and moved North
Avatar 0 is in position (12,12) and moved West
Avatar 1 is in position (33,7) and moved West
Avatar 2 is in position (34,24) and moved North
Avatar 3 is in position (14,12) and moved East
Avatar 0 is in position (11,12) and moved West
Avatar 1 is in position (32,7) and moved North
Avatar 2 is in position (34,23) and moved West
Avatar 3 is in position (14,12) and moved South
Avatar 0 is in position (11,12) and moved North
Avatar 1 is in position (32,6) and moved West
Avatar 2 is in position (33,23) and moved South
Avatar 3 is in position (14,13) and moved East
Avatar 0 is in position (11,11) and moved West
Avatar 1 is in position (31,6) and moved South
Avatar 2 is in position (33,23) and moved West
Avatar 3 is in position (15,13) and moved North
Avatar 0 is in position (10,11) and moved South
Avatar 2 is in position (32,23) and moved South
Avatar 1 is in position (31,7) and moved South
Avatar 3 is in position (15,12) and moved North
Avatar 0 is in position (10,11) and moved West
Avatar 2 is in position (32,24) and moved East
Avatar 1 is in position (31,8) and moved East
Avatar 3 is in position (15,12) and moved East
Avatar 0 is in position (10,11) and moved North
Avatar 2 is in position (33,24) and moved South
Avatar 1 is in position (32,8) and moved East
Avatar 3 is in position (16,12) and moved North
Avatar 0 is in position (10,10) and moved West
Avatar 2 is in position (33,25) and moved East
Avatar 1 is in position (33,8) and moved East
Avatar 3 is in position (16,12) and moved East
Avatar 0 is in position (9,10) and moved South
Avatar 1 is in position (34,8) and moved South
Avatar 2 is in position (34,25) and moved East
Avatar 3 is in position (17,12) and moved North
Avatar 0 is in position (9,11) and moved West
Avatar 1 is in position (34,9) and moved South
Avatar 2 is in position (34,25) and moved South
Avatar 3 is in position (17,11) and moved West
Avatar 0 is in position (8,11) and moved North
Avatar 1 is in position (34,10) and moved South
Avatar 2 is in position (34,26) and moved East
Avatar 3 is in position (16,11) and moved West
Avatar 0 is in position (8,10) and moved West
Avatar 1 is in position (34,11) and moved South
Avatar 2 is in position (34,26) and moved South
Avatar 3 is in position (16,11) and moved North
Avatar 0 is in position (8,10) and moved North
Avatar 2 is in position (34,27) and moved East
Avatar 1 is in position (34,12) and moved South
Avatar 3 is in position (16,11) and moved East
Avatar 0 is in position (8,9) and moved West
Avatar 2 is in position (34,27) and moved South
Avatar 1 is in position (34,13) and moved West
Avatar 3 is in position (17,11) and moved North
Avatar 0 is in position (8,9) and moved North
Avatar 2 is in position (34,28) and moved East
Avatar 1 is in position (33,13) and moved South
Avatar 3 is in position (17,11) and moved East
Avatar 0 is in position (8,8) and moved West
Avatar 2 is in position (34,28) and moved South
Avatar 1 is in position (33,14) and moved East
Avatar 3 is in position (18,11) and moved North
Avatar 0 is in position (8,8) and moved North
Avatar 1 is in position (34,14) and moved South
Avatar 2 is in position (34,29) and moved East
Avatar 3 is in position (18,11) and moved East
Avatar 0 is in position (8,8) and moved East
Avatar 2 is in position (34,29) and moved South
Avatar 1 is in position (34,15) and moved South
Avatar 3 is in position (19,11) and moved North
Avatar 0 is in position (9,8) and moved North
Avatar 1 is in position (34,16) and moved West
Avatar 2 is in position (34,30) and moved East
Avatar 3 is in position (19,11) and moved East
Avatar 0 is in position (9,7) and moved West
Avatar 2 is in position (34,30) and moved South
Avatar 1 is in position (33,16) and moved West
Avatar 3 is in position (19,11) and moved South
Avatar 0 is in position (8,7) and moved West
Avatar 1 is in position (32,16) and moved West
Avatar 2 is in position (34,30) and moved West
Avatar 3 is in position (19,11) and moved West
Avatar 0 is in position (7,7) and moved South
Avatar 1 is in position (31,16) and moved North
Avatar 2 is in position (33,30) and moved South
Avatar 3 is in position (18,11) and moved South
Avatar 0 is in position (7,8) and moved South
Avatar 2 is in position (33,31) and moved East
Avatar 1 is in position (31,15) and moved West
Avatar 3 is in position (18,11) and moved West
Avatar 0 is in position (7,9) and moved South
Avatar 1 is in position (30,15) and moved South
Avatar 2 is in position (33,31) and moved South
Avatar 3 is in position (17,11) and moved South
Avatar 0 is in position (7,9) and moved West
Avatar 1 is in position (30,16) and moved South
Avatar 2 is in position (33,32) and moved East
Avatar 3 is in position (17,12) and moved East
Avatar 0 is in position (6,9) and moved South
Avatar 2 is in position (33,32) and moved South
Avatar 1 is in position (30,17) and moved East
Avatar 3 is in position (17,12) and moved South
Avatar 0 is in position (6,10) and moved West
Avatar 2 is in position (33,33) and moved East
Avatar 1 is in position (31,17) and moved East
Avatar 3 is in position (17,13) and moved East
Avatar 0 is in position (5,10) and moved North
Avatar 1 is in position (32,17) and moved East
Avatar 2 is in position (33,33) and moved South
Avatar 3 is in position (17,13) and moved South
Avatar 0 is in position (5,9) and moved West
Avatar 1 is in position (33,17) and moved East
Avatar 2 is in position (33,33) and moved West
Avatar 3 is in position (17,14) and moved East
Avatar 0 is in position (4,9) and moved West
Avatar 2 is in position (32,33) and moved South
Avatar 1 is in position (34,17) and moved South
Avatar 3 is in position (17,14) and moved South
Avatar 0 is in position (3,9) and moved North
Avatar 1 is in position (34,18) and moved South
Avatar 2 is in position (32,33) and moved West
Avatar 3 is in position (17,15) and moved East
Avatar 0 is in position (3,8) and moved North
Avatar 2 is in position (32,33) and moved North
Avatar 1 is in position (34,19) and moved South
Avatar 3 is in position (18,15) and moved North
Avatar 0 is in position (3,7) and moved North
Avatar 1 is in position (34,20) and moved South
Avatar 2 is in position (32,32) and moved West
Avatar 3 is in position (18,15) and moved East
Avatar 0 is in position (3,6) and moved West
Avatar 2 is in position (31,32) and moved South
Avatar 1 is in position (34,21) and moved West
Avatar 3 is in position (18,15) and moved South
Avatar 0 is in position (3,6) and moved South
Avatar 2 is in position (31,32) and moved West
Avatar 1 is in position (33,21) and moved South
Avatar 3 is in position (18,16) and moved East
Avatar 0 is in position (3,7) and moved South
Avatar 1 is in position (33,22) and moved West
Avatar 2 is in position (30,32) and moved South
Avatar 3 is in position (18,16) and moved South
Avatar 0 is in position (3,8) and moved South
Avatar 2 is in position (30,32) and moved West
Avatar 1 is in position (32,22) and moved West
Avatar 3 is in position (18,17) and moved East
Avatar 0 is in position (3,9) and moved East
Avatar 2 is in position (30,32) and moved North
Avatar 1 is in position (31,22) and moved South
Avatar 3 is in position (18,17) and moved South
Avatar 0 is in position (4,9) and moved East
Avatar 1 is in position (31,23) and moved South
Avatar 2 is in position (30,31) and moved West
Avatar 3 is in position (18,18) and moved East
Avatar 0 is in position (5,9) and moved East
Avatar 2 is in position (29,31) and moved South
Avatar 1 is in position (31,24) and moved South
Avatar 3 is in position (18,18) and moved South
Avatar 0 is in position (5,9) and moved South
Avatar 1 is in position (31,25) and moved South
Avatar 2 is in position (29,31) and moved West
Avatar 3 is in position (18,18) and moved West
Avatar 0 is in position (5,10) and moved East
Avatar 1 is in position (31,26) and moved East
Avatar 2 is in position (29,31) and moved North
Avatar 3 is in position (18,18) and moved North
Avatar 0 is in position (6,10) and moved North
Avatar 2 is in position (29,30) and moved West
Avatar 1 is in position (32,26) and moved East
Avatar 3 is in position (18,17) and moved West
Avatar 0 is in position (6,9) and moved North
Avatar 1 is in position (33,26) and moved South
Avatar 2 is in position (28,30) and moved South
Avatar 3 is in position (17,17) and moved South
Avatar 0 is in position (6,8) and moved East
Avatar 1 is in position (33,27) and moved East
Avatar 2 is in position (28,30) and moved West
Avatar 3 is in position (17,17) and moved West
Avatar 0 is in position (6,8) and moved South
Avatar 2 is in position (28,30) and moved North
Avatar 1 is in position (34,27) and moved South
Avatar 3 is in position (17,17) and moved North
Avatar 0 is in position (6,9) and moved East
Avatar 1 is in position (34,28) and moved South
Avatar 2 is in position (28,29) and moved West
Avatar 3 is in position (17,16) and moved West
Avatar 0 is in position (7,9) and moved North
Avatar 2 is in position (27,29) and moved South
Avatar 1 is in position (34,29) and moved South
Avatar 3 is in position (17,16) and moved North
Avatar 0 is in position (7,8) and moved North
Avatar 2 is in position (27,29) and moved West
Avatar 1 is in position (34,30) and moved West
Avatar 3 is in position (17,16) and moved East
Avatar 0 is in position (7,7) and moved East
Avatar 2 is in position (27,29) and moved North
Avatar 1 is in position (33,30) and moved South
Avatar 3 is in position (17,16) and moved South
Avatar 0 is in position (8,7) and moved East
Avatar 2 is in position (27,28) and moved West
Avatar 1 is in position (33,31) and moved South
Avatar 3 is in position (17,17) and moved East
Avatar 0 is in position (9,7) and moved East
Avatar 1 is in position (33,32) and moved South
Avatar 2 is in position (27,28) and moved North
Avatar 3 is in position (18,17) and moved North
Avatar 0 is in position (9,7) and moved South
Avatar 1 is in position (33,33) and moved West
Avatar 2 is in position (27,28) and moved East
Avatar 3 is in position (18,16) and moved North
Avatar 0 is in position (9,8) and moved East
Avatar 1 is in position (32,33) and moved North
Avatar 2 is in position (28,28) and moved North
Avatar 3 is in position (18,15) and moved West
Avatar 0 is in position (9,8) and moved South
Avatar 2 is in position (28,28) and moved East
Avatar 1 is in position (32,32) and moved West
Avatar 3 is in position (17,15) and moved West
Avatar 0 is in position (9,9) and moved East
Avatar 2 is in position (29,28) and moved North
Avatar 1 is in position (31,32) and moved West
Avatar 3 is in position (17,15) and moved North
Avatar 0 is in position (10,9) and moved North
Avatar 1 is in position (30,32) and moved North
Avatar 2 is in position (29,28) and moved East
Avatar 3 is in position (17,14) and moved West
Avatar 0 is in position (10,9) and moved East
Avatar 2 is in position (30,28) and moved North
Avatar 1 is in position (30,31) and moved West
Avatar 3 is in position (17,14) and moved North
Avatar 0 is in position (10,9) and moved South
Avatar 2 is in position (30,27) and moved West
Avatar 1 is in position (29,31) and moved North
Avatar 3 is in position (17,13) and moved West
Avatar 0 is in position (10,9) and moved West
Avatar 1 is in position (29,30) and moved West
Avatar 2 is in position (30,27) and moved North
Avatar 3 is in position (17,13) and moved North
Avatar 0 is in position (9,9) and moved South
Avatar 2 is in position (30,26) and moved West
Avatar 1 is in position (28,30) and moved North
Avatar 3 is in position (17,12) and moved West
Avatar 0 is in position (9,9) and moved West
Avatar 1 is in position (28,29) and moved West
Avatar 2 is in position (30,26) and moved North
Avatar 3 is in position (16,12) and moved South
Avatar 0 is in position (9,9) and moved North
Avatar 1 is in position (27,29) and moved North
Avatar 2 is in position (30,25) and moved West
Avatar 3 is in position (16,13) and moved South
Avatar 0 is in position (9,8) and moved West
Avatar 1 is in position (27,28) and moved East
Avatar 2 is in position (29,25) and moved South
Avatar 3 is in position (16,14) and moved South
Avatar 0 is in position (8,8) and moved South
Avatar 2 is in position (29,25) and moved West
Avatar 1 is in position (28,28) and moved East
Avatar 3 is in position (16,15) and moved South
Avatar 0 is in position (8,9) and moved South
Avatar 1 is in position (29,28) and moved East
Avatar 2 is in position (29,25) and moved North
Avatar 3 is in position (16,15) and moved West
Avatar 0 is in position (8,10) and moved East
Avatar 2 is in position (29,24) and moved West
Avatar 1 is in position (30,28) and moved North
Avatar 3 is in position (15,15) and moved South
Avatar 0 is in position (8,10) and moved South
Avatar 1 is in position (30,27) and moved North
Avatar 2 is in position (29,24) and moved North
Avatar 3 is in position (15,16) and moved East
Avatar 0 is in position (8,11) and moved East
Avatar 2 is in position (29,24) and moved East
Avatar 1 is in position (30,26) and moved North
Avatar 3 is in position (16,16) and moved South
Avatar 0 is in position (9,11) and moved North
Avatar 2 is in position (30,24) and moved North
Avatar 1 is in position (30,25) and moved West
Avatar 3 is in position (16,17) and moved South
Avatar 0 is in position (9,10) and moved East
Avatar 2 is in position (30,23) and moved West
Avatar 1 is in position (29,25) and moved North
Avatar 3 is in position (16,18) and moved East
Avatar 0 is in position (10,10) and moved East
Avatar 2 is in position (30,23) and moved North
Avatar 1 is in position (29,24) and moved East
Avatar 3 is in position (17,18) and moved South
Avatar 0 is in position (10,10) and moved South
Avatar 1 is in position (30,24) and moved North
Avatar 2 is in position (30,22) and moved West
Avatar 3 is in position (17,19) and moved East
Avatar 0 is in position (10,11) and moved East
Avatar 2 is in position (30,22) and moved North
Avatar 1 is in position (30,23) and moved North
Avatar 3 is in position (18,19) and moved East
Avatar 0 is in position (11,11) and moved North
Avatar 1 is in position (30,22) and moved North
Avatar 2 is in position (30,21) and moved West
Avatar 3 is in position (18,19) and moved South
Avatar 0 is in position (11,11) and moved East
Avatar 2 is in position (29,21) and moved South
Avatar 1 is in position (30,21) and moved West
Avatar 3 is in position (18,20) and moved East
Avatar 0 is in position (12,11) and moved North
Avatar 2 is in position (29,22) and moved South
Avatar 1 is in position (29,21) and moved South
Avatar 3 is in position (18,20) and moved South
Avatar 0 is in position (12,10) and moved West
Avatar 2 is in position (29,23) and moved West
Avatar 1 is in position (29,22) and moved South
Avatar 3 is in position (18,21) and moved East
Avatar 0 is in position (12,10) and moved North
Avatar 2 is in position (28,23) and moved South
Avatar 1 is in position (29,23) and moved West
Avatar 3 is in position (18,21) and moved South
Avatar 0 is in position (12,10) and moved East
Avatar 2 is in position (28,24) and moved South
Avatar 1 is in position (28,23) and moved South
Avatar 3 is in position (18,21) and moved West
Avatar 0 is in position (12,10) and moved South
Avatar 1 is in position (28,24) and moved South
Avatar 2 is in position (28,25) and moved South
Avatar 3 is in position (18,21) and moved North
Avatar 0 is in position (12,11) and moved East
Avatar 1 is in position (28,25) and moved West
Avatar 2 is in position (28,25) and moved West
Avatar 3 is in position (18,20) and moved West
Avatar 0 is in position (13,11) and moved North
Avatar 2 is in position (27,25) and moved West
Avatar 1 is in position (27,25) and moved South
Avatar 3 is in position (17,20) and moved South
Avatar 0 is in position (13,11) and moved East
Avatar 2 is in position (27,25) and moved North
Avatar 1 is in position (27,25) and moved North
Avatar 3 is in position (17,20) and moved West
Avatar 0 is in position (14,11) and moved North
Avatar 2 is in position (27,24) and moved West
Avatar 1 is in position (27,24) and moved West
Avatar 3 is in position (16,20) and moved South
Avatar 0 is in position (14,11) and moved East
Avatar 2 is in position (26,24) and moved South
Avatar 1 is in position (26,24) and moved South
Avatar 3 is in position (16,20) and moved West
Avatar 0 is in position (15,11) and moved North
Avatar 1 is in position (26,25) and moved South
Avatar 2 is in position (26,25) and moved South
Avatar 3 is in position (15,20) and moved South
Avatar 0 is in position (15,10) and moved West
Avatar 2 is in position (26,26) and moved South
Avatar 1 is in position (26,26) and moved East
Avatar 3 is in position (15,20) and moved West
Avatar 0 is in position (15,10) and moved North
Avatar 1 is in position (26,26) and moved South
Avatar 2 is in position (26,27) and moved East
Avatar 3 is in position (15,20) and moved North
Avatar 0 is in position (15,10) and moved East
Avatar 2 is in position (27,27) and moved North
Avatar 1 is in position (26,27) and moved East
Avatar 3 is in position (15,19) and moved West
Avatar 0 is in position (16,10) and moved North
Avatar 2 is in position (27,26) and moved East
Avatar 1 is in position (27,27) and moved North
Avatar 3 is in position (14,19) and moved South
Avatar 0 is in position (16,10) and moved East
Avatar 1 is in position (27,26) and moved East
Avatar 2 is in position (28,26) and moved East
Avatar 3 is in position (14,20) and moved South
Avatar 0 is in position (17,10) and moved North
Avatar 2 is in position (28,26) and moved South
Avatar 1 is in position (28,26) and moved South
Avatar 3 is in position (14,21) and moved East
Avatar 0 is in position (17,10) and moved East
Avatar 1 is in position (28,27) and moved West
Avatar 2 is in position (28,27) and moved North
Avatar 3 is in position (15,21) and moved East
Avatar 0 is in position (18,10) and moved North
Avatar 2 is in position (28,26) and moved West
Avatar 1 is in position (28,27) and moved North
Avatar 3 is in position (15,21) and moved South
Avatar 0 is in position (18,10) and moved East
Avatar 2 is in position (27,26) and moved South
Avatar 1 is in position (28,26) and moved West
Avatar 3 is in position (15,22) and moved East
Avatar 0 is in position (19,10) and moved North
Avatar 1 is in position (27,26) and moved South
Avatar 2 is in position (27,27) and moved West
Avatar 3 is in position (16,22) and moved North
Avatar 0 is in position (19,10) and moved East
Avatar 1 is in position (27,27) and moved West
Avatar 2 is in position (26,27) and moved South
Avatar 3 is in position (16,21) and moved East
Avatar 0 is in position (20,10) and moved North
Avatar 1 is in position (26,27) and moved West
Avatar 2 is in position (26,27) and moved West
Avatar 3 is in position (17,21) and moved South
Avatar 0 is in position (20,10) and moved East
Avatar 1 is in position (25,27) and moved South
Avatar 2 is in position (25,27) and moved South
Avatar 3 is in position (17,22) and moved East
Avatar 0 is in position (21,10) and moved North
Avatar 2 is in position (25,28) and moved South
Avatar 1 is in position (25,28) and moved East
Avatar 3 is in position (18,22) and moved East
Avatar 0 is in position (21,10) and moved East
Avatar 2 is in position (25,28) and moved West
Avatar 1 is in position (25,28) and moved West
Avatar 3 is in position (19,22) and moved North
Avatar 0 is in position (22,10) and moved North
Avatar 1 is in position (24,28) and moved South
Avatar 2 is in position (24,28) and moved West
Avatar 3 is in position (19,22) and moved East
Avatar 0 is in position (22,9) and moved West
Avatar 1 is in position (24,28) and moved West
Avatar 2 is in position (23,28) and moved South
Avatar 3 is in position (20,22) and moved North
Avatar 0 is in position (22,9) and moved North
Avatar 2 is in position (23,29) and moved East
Avatar 1 is in position (23,28) and moved South
Avatar 3 is in position (20,22) and moved East
Avatar 0 is in position (22,9) and moved East
Avatar 2 is in position (24,29) and moved East
Avatar 1 is in position (23,29) and moved East
Avatar 3 is in position (21,22) and moved North
Avatar 0 is in position (23,9) and moved North
Avatar 2 is in position (24,29) and moved South
Avatar 1 is in position (24,29) and moved South
Avatar 3 is in position (21,21) and moved West
Avatar 0 is in position (23,9) and moved East
Avatar 2 is in position (24,30) and moved South
Avatar 1 is in position (24,30) and moved East
Avatar 3 is in position (21,21) and moved North
Avatar 0 is in position (24,9) and moved North
Avatar 1 is in position (24,30) and moved South
Avatar 2 is in position (24,31) and moved East
Avatar 3 is in position (21,21) and moved East
Avatar 0 is in position (24,9) and moved East
Avatar 1 is in position (24,31) and moved South
Avatar 2 is in position (24,31) and moved South
Avatar 3 is in position (22,21) and moved North
Avatar 0 is in position (24,9) and moved South
Avatar 2 is in position (24,32) and moved South
Avatar 1 is in position (24,32) and moved East
Avatar 3 is in position (22,21) and moved East
Avatar 0 is in position (24,10) and moved East
Avatar 2 is in position (24,32) and moved West
Avatar 1 is in position (24,32) and moved West
Avatar 3 is in position (22,21) and moved South
Avatar 0 is in position (24,10) and moved South
Avatar 2 is in position (23,32) and moved West
Avatar 1 is in position (23,32) and moved South
Avatar 3 is in position (22,22) and moved East
Avatar 0 is in position (24,11) and moved East
Avatar 2 is in position (23,32) and moved North
Avatar 1 is in position (23,32) and moved North
Avatar 3 is in position (23,22) and moved North
Avatar 0 is in position (24,11) and moved South
Avatar 2 is in position (23,31) and moved North
Avatar 1 is in position (23,31) and moved West
Avatar 3 is in position (23,22) and moved East
Avatar 0 is in position (24,11) and moved West
Avatar 2 is in position (23,30) and moved West
Avatar 1 is in position (23,31) and moved North
Avatar 3 is in position (24,22) and moved North
Avatar 0 is in position (23,11) and moved South
Avatar 2 is in position (22,30) and moved South
Avatar 1 is in position (23,30) and moved West
Avatar 3 is in position (24,21) and moved West
Avatar 0 is in position (23,11) and moved West
Avatar 2 is in position (22,31) and moved South
Avatar 1 is in position (22,30) and moved South
Avatar 3 is in position (23,21) and moved North
Avatar 0 is in position (22,11) and moved South
Avatar 1 is in position (22,31) and moved South
Avatar 2 is in position (22,32) and moved South
Avatar 3 is in position (23,21) and moved East
Avatar 0 is in position (22,12) and moved East
Avatar 2 is in position (22,32) and moved West
Avatar 1 is in position (22,32) and moved West
Avatar 3 is in position (24,21) and moved North
Avatar 0 is in position (22,12) and moved South
Avatar 2 is in position (21,32) and moved West
Avatar 1 is in position (21,32) and moved South
Avatar 3 is in position (24,20) and moved West
Avatar 0 is in position (22,12) and moved West
Avatar 1 is in position (21,32) and moved West
Avatar 2 is in position (20,32) and moved South
Avatar 3 is in position (24,20) and moved North
Avatar 0 is in position (21,12) and moved South
Avatar 1 is in position (20,32) and moved West
Avatar 2 is in position (20,32) and moved North
Avatar 3 is in position (24,20) and moved East
Avatar 0 is in position (21,12) and moved West
Avatar 1 is in position (20,32) and moved North
Avatar 2 is in position (20,31) and moved West
Avatar 3 is in position (25,20) and moved North
Avatar 0 is in position (21,12) and moved North
Avatar 2 is in position (20,31) and moved North
Avatar 1 is in position (20,31) and moved North
Avatar 3 is in position (25,20) and moved East
Avatar 0 is in position (21,11) and moved West
Avatar 1 is in position (20,30) and moved West
Avatar 2 is in position (20,30) and moved North
Avatar 3 is in position (25,20) and moved South
Avatar 0 is in position (20,11) and moved South
Avatar 1 is in position (20,30) and moved North
Avatar 2 is in position (20,29) and moved West
Avatar 3 is in position (25,21) and moved East
Avatar 0 is in position (20,12) and moved South
Avatar 2 is in position (20,29) and moved East
Avatar 1 is in position (20,29) and moved North
Avatar 3 is in position (25,21) and moved South
Avatar 0 is in position (20,13) and moved East
Avatar 2 is in position (21,29) and moved North
Avatar 1 is in position (20,29) and moved East
Avatar 3 is in position (25,22) and moved East
Avatar 0 is in position (20,13) and moved South
Avatar 2 is in position (21,29) and moved East
Avatar 1 is in position (21,29) and moved East
Avatar 3 is in position (25,22) and moved South
Avatar 0 is in position (20,13) and moved West
Avatar 1 is in position (22,29) and moved North
Avatar 2 is in position (22,29) and moved North
Avatar 3 is in position (25,23) and moved East
Avatar 0 is in position (19,13) and moved South
Avatar 1 is in position (22,28) and moved West
Avatar 2 is in position (22,28) and moved North
Avatar 3 is in position (26,23) and moved North
Avatar 0 is in position (19,13) and moved West
Avatar 1 is in position (22,28) and moved North
Avatar 2 is in position (22,27) and moved West
Avatar 3 is in position (26,23) and moved East
Avatar 0 is in position (19,13) and moved North
Avatar 1 is in position (22,27) and moved North
Avatar 2 is in position (22,27) and moved North
Avatar 3 is in position (27,23) and moved North
Avatar 0 is in position (19,12) and moved West
Avatar 1 is in position (22,26) and moved West
Avatar 2 is in position (22,26) and moved North
Avatar 3 is in position (27,22) and moved West
Avatar 0 is in position (18,12) and moved South
Avatar 1 is in position (22,26) and moved North
Avatar 2 is in position (22,25) and moved West
Avatar 3 is in position (27,22) and moved North
Avatar 0 is in position (18,13) and moved South
Avatar 1 is in position (22,25) and moved North
Avatar 2 is in position (22,25) and moved North
Avatar 3 is in position (27,21) and moved West
Avatar 0 is in position (18,14) and moved East
Avatar 2 is in position (22,24) and moved North
Avatar 1 is in position (22,24) and moved West
Avatar 3 is in position (27,21) and moved North
Avatar 0 is in position (19,14) and moved East
Avatar 2 is in position (22,23) and moved West
Avatar 1 is in position (22,24) and moved North
Avatar 3 is in position (27,21) and moved East
Avatar 0 is in position (19,14) and moved South
Avatar 1 is in position (22,23) and moved West
Avatar 2 is in position (21,23) and moved South
Avatar 3 is in position (28,21) and moved North
Avatar 0 is in position (19,15) and moved East
Avatar 1 is in position (21,23) and moved South
Avatar 2 is in position (21,24) and moved South
Avatar 3 is in position (28,20) and moved West
Avatar 0 is in position (19,15) and moved South
Avatar 1 is in position (21,24) and moved West
Avatar 2 is in position (21,24) and moved West
Avatar 3 is in position (27,20) and moved West
Avatar 0 is in position (19,16) and moved East
Avatar 1 is in position (20,24) and moved South
Avatar 2 is in position (20,24) and moved West
Avatar 3 is in position (26,20) and moved North
Avatar 0 is in position (20,16) and moved North
Avatar 1 is in position (20,24) and moved West
Avatar 2 is in position (19,24) and moved South
Avatar 3 is in position (26,19) and moved West
Avatar 0 is in position (20,16) and moved East
Avatar 1 is in position (19,24) and moved South
Avatar 2 is in position (19,25) and moved East
Avatar 3 is in position (25,19) and moved West
Avatar 0 is in position (20,16) and moved South
Avatar 1 is in position (19,25) and moved South
Avatar 2 is in position (19,25) and moved West
Avatar 3 is in position (25,19) and moved North
Avatar 0 is in position (20,17) and moved East
Avatar 1 is in position (19,25) and moved West
Avatar 2 is in position (18,25) and moved South
Avatar 3 is in position (25,19) and moved East
Avatar 0 is in position (20,17) and moved South
Avatar 2 is in position (18,25) and moved West
Avatar 1 is in position (18,25) and moved West
Avatar 3 is in position (26,19) and moved North
Avatar 0 is in position (20,17) and moved West
Avatar 1 is in position (17,25) and moved South
Avatar 2 is in position (17,25) and moved West
Avatar 3 is in position (26,19) and moved East
Avatar 0 is in position (19,17) and moved South
Avatar 1 is in position (17,25) and moved North
Avatar 2 is in position (17,25) and moved North
Avatar 3 is in position (27,19) and moved North
Avatar 0 is in position (19,18) and moved East
Avatar 1 is in position (17,24) and moved West
Avatar 2 is in position (17,24) and moved North
Avatar 3 is in position (27,19) and moved East
Avatar 0 is in position (19,18) and moved South
Avatar 1 is in position (17,24) and moved East
Avatar 2 is in position (17,24) and moved East
Avatar 3 is in position (28,19) and moved North
Avatar 0 is in position (19,19) and moved East
Avatar 2 is in position (18,24) and moved North
Avatar 1 is in position (18,24) and moved North
Avatar 3 is in position (28,19) and moved East
Avatar 0 is in position (19,19) and moved South
Avatar 1 is in position (18,23) and moved West
Avatar 2 is in position (18,23) and moved North
Avatar 3 is in position (28,19) and moved South
Avatar 0 is in position (19,20) and moved East
Avatar 1 is in position (18,23) and moved North
Avatar 2 is in position (18,22) and moved East
Avatar 3 is in position (28,19) and moved West
Avatar 0 is in position (19,20) and moved South
Avatar 1 is in position (18,22) and moved East
Avatar 2 is in position (19,22) and moved East
Avatar 3 is in position (27,19) and moved South
Avatar 0 is in position (19,21) and moved East
Avatar 1 is in position (19,22) and moved East
Avatar 2 is in position (20,22) and moved East
Avatar 3 is in position (27,19) and moved West
Avatar 0 is in position (20,21) and moved North
Avatar 2 is in position (21,22) and moved North
Avatar 1 is in position (20,22) and moved East
Avatar 3 is in position (26,19) and moved South
Avatar 0 is in position (20,20) and moved North
Avatar 1 is in position (21,22) and moved North
Avatar 2 is in position (21,21) and moved East
Avatar 3 is in position (26,20) and moved East
Avatar 0 is in position (20,19) and moved North
Avatar 2 is in position (22,21) and moved South
Avatar 1 is in position (21,21) and moved East
Avatar 3 is in position (27,20) and moved East
Avatar 0 is in position (20,19) and moved East
Avatar 1 is in position (22,21) and moved South
Avatar 2 is in position (22,22) and moved East
Avatar 3 is in position (28,20) and moved East
Avatar 0 is in position (21,19) and moved North
Avatar 2 is in position (23,22) and moved East
Avatar 1 is in position (22,22) and moved East
Avatar 3 is in position (28,20) and moved South
Avatar 0 is in position (21,19) and moved East
Avatar 2 is in position (24,22) and moved North
Avatar 1 is in position (23,22) and moved East
Avatar 3 is in position (28,21) and moved East
Avatar 0 is in position (21,19) and moved South
Avatar 1 is in position (24,22) and moved North
Avatar 2 is in position (24,21) and moved North
Avatar 3 is in position (28,21) and moved South
Avatar 0 is in position (21,20) and moved East
Avatar 2 is in position (24,20) and moved East
Avatar 1 is in position (24,21) and moved North
Avatar 3 is in position (28,22) and moved East
Avatar 0 is in position (22,20) and moved North
Avatar 2 is in position (25,20) and moved South
Avatar 1 is in position (24,20) and moved East
Avatar 3 is in position (28,22) and moved South
Avatar 0 is in position (22,20) and moved East
Avatar 2 is in position (25,21) and moved South
Avatar 1 is in position (25,20) and moved South
Avatar 3 is in position (28,22) and moved West
Avatar 0 is in position (23,20) and moved North
Avatar 1 is in position (25,21) and moved South
Avatar 2 is in position (25,22) and moved South
Avatar 3 is in position (28,22) and moved North
Avatar 0 is in position (23,19) and moved West
Avatar 1 is in position (25,22) and moved South
Avatar 2 is in position (25,23) and moved East
Avatar 3 is in position (28,21) and moved West
Avatar 0 is in position (23,19) and moved North
Avatar 1 is in position (25,23) and moved East
Avatar 2 is in position (26,23) and moved East
Avatar 3 is in position (27,21) and moved South
Avatar 0 is in position (23,19) and moved East
Avatar 2 is in position (27,23) and moved East
Avatar 1 is in position (26,23) and moved East
Avatar 3 is in position (27,22) and moved South
Avatar 0 is in position (24,19) and moved North
Avatar 2 is in position (27,23) and moved West
Avatar 1 is in position (27,23) and moved South
Avatar 3 is in position (27,23) and moved West
Avatar 0 is in position (24,18) and moved West
Avatar 2 is in position (26,23) and moved South
Avatar 1 is in position (27,23) and moved West
Avatar 3 is in position (26,23) and moved West
Avatar 0 is in position (24,18) and moved North
Avatar 2 is in position (26,23) and moved West
Avatar 1 is in position (26,23) and moved West
Avatar 3 is in position (25,23) and moved South
Avatar 0 is in position (24,18) and moved East
Avatar 1 is in position (25,23) and moved South
Avatar 2 is in position (25,23) and moved South
Avatar 3 is in position (25,24) and moved East
Avatar 0 is in position (25,18) and moved North
Avatar 1 is in position (25,24) and moved South
Avatar 2 is in position (25,24) and moved West
Avatar 3 is in position (25,24) and moved West
Avatar 0 is in position (25,18) and moved East
Avatar 2 is in position (24,24) and moved South
Avatar 1 is in position (25,24) and moved West
Avatar 3 is in position (24,24) and moved West
Avatar 0 is in position (26,18) and moved North
Avatar 2 is in position (24,24) and moved North
Avatar 1 is in position (24,24) and moved North
Avatar 3 is in position (24,24) and moved North
Avatar 0 is in position (26,18) and moved East
Avatar 2 is in position (24,23) and moved West
Avatar 1 is in position (24,23) and moved West
Avatar 3 is in position (24,23) and moved West
Avatar 0 is in position (27,18) and moved North
Avatar 2 is in position (23,23) and moved South
Avatar 1 is in position (23,23) and moved South
Avatar 3 is in position (23,23) and moved South
Avatar 0 is in position (27,17) and moved West
Avatar 1 is in position (23,24) and moved South
Avatar 2 is in position (23,24) and moved South
Avatar 3 is in position (23,24) and moved South
Avatar 0 is in position (26,17) and moved West
Avatar 1 is in position (23,25) and moved East
Avatar 2 is in position (23,25) and moved East
Avatar 3 is in position (23,25) and moved East
Avatar 0 is in position (26,17) and moved North
Avatar 2 is in position (24,25) and moved East
Avatar 1 is in position (24,25) and moved East
Avatar 3 is in position (24,25) and moved East
Avatar 0 is in position (26,16) and moved West
Avatar 2 is in position (25,25) and moved South
Avatar 1 is in position (25,25) and moved East
Avatar 3 is in position (25,25) and moved South
Avatar 0 is in position (26,16) and moved North
Avatar 1 is in position (25,25) and moved South
Avatar 2 is in position (25,26) and moved East
Avatar 3 is in position (25,26) and moved South
Avatar 0 is in position (26,15) and moved West
Avatar 1 is in position (25,26) and moved West
Avatar 2 is in position (25,26) and moved West
Avatar 3 is in position (25,26) and moved West
Avatar 0 is in position (26,15) and moved North
Avatar 2 is in position (24,26) and moved West
Avatar 1 is in position (24,26) and moved South
Avatar 3 is in position (24,26) and moved West
Avatar 0 is in position (26,15) and moved East
Avatar 2 is in position (23,26) and moved South
Avatar 1 is in position (24,26) and moved West
Avatar 3 is in position (23,26) and moved South
Avatar 0 is in position (27,15) and moved North
Avatar 2 is in position (23,27) and moved East
Avatar 1 is in position (23,26) and moved South
Avatar 3 is in position (23,27) and moved East
Avatar 0 is in position (27,15) and moved East
Avatar 2 is in position (24,27) and moved East
Avatar 1 is in position (23,27) and moved East
Avatar 3 is in position (24,27) and moved South
Avatar 0 is in position (28,15) and moved North
Avatar 1 is in position (24,27) and moved West
Avatar 2 is in position (24,27) and moved West
Avatar 3 is in position (24,27) and moved West
Avatar 0 is in position (28,15) and moved East
Avatar 1 is in position (23,27) and moved South
Avatar 2 is in position (23,27) and moved West
Avatar 3 is in position (23,27) and moved North
Avatar 0 is in position (29,15) and moved North
Avatar 1 is in position (23,27) and moved North
Avatar 2 is in position (23,27) and moved North
Avatar 3 is in position (23,26) and moved West
Avatar 0 is in position (29,15) and moved East
Avatar 2 is in position (23,26) and moved East
Avatar 1 is in position (23,26) and moved North
Avatar 3 is in position (23,26) and moved East
Avatar 0 is in position (29,15) and moved South
Avatar 2 is in position (24,26) and moved North
Avatar 1 is in position (23,26) and moved East
Avatar 3 is in position (24,26) and moved East
Avatar 0 is in position (29,16) and moved East
Avatar 2 is in position (24,26) and moved East
Avatar 1 is in position (24,26) and moved East
Avatar 3 is in position (25,26) and moved North
Avatar 0 is in position (29,16) and moved South
Avatar 2 is in position (25,26) and moved North
Avatar 1 is in position (25,26) and moved North
Avatar 3 is in position (25,25) and moved West
Avatar 0 is in position (29,16) and moved West
Avatar 2 is in position (25,25) and moved West
Avatar 1 is in position (25,25) and moved West
Avatar 3 is in position (24,25) and moved West
Avatar 0 is in position (28,16) and moved South
Avatar 2 is in position (24,25) and moved West
Avatar 1 is in position (24,25) and moved West
Avatar 3 is in position (23,25) and moved West
Avatar 0 is in position (28,17) and moved East
Avatar 2 is in position (23,25) and moved North
Avatar 1 is in position (23,25) and moved North
Avatar 3 is in position (23,25) and moved North
Avatar 0 is in position (28,17) and moved South
Avatar 1 is in position (23,24) and moved West
Avatar 2 is in position (23,24) and moved North
Avatar 3 is in position (23,24) and moved North
Avatar 0 is in position (28,18) and moved East
Avatar 1 is in position (23,24) and moved North
Avatar 2 is in position (23,23) and moved West
Avatar 3 is in position (23,23) and moved North
Avatar 0 is in position (29,18) and moved North
Avatar 2 is in position (23,23) and moved East
Avatar 1 is in position (23,23) and moved East
Avatar 3 is in position (23,23) and moved East
Avatar 0 is in position (29,18) and moved East
Avatar 1 is in position (24,23) and moved North
Avatar 2 is in position (24,23) and moved East
Avatar 3 is in position (24,23) and moved South
Avatar 0 is in position (29,18) and moved South
Avatar 2 is in position (24,23) and moved South
Avatar 1 is in position (24,23) and moved South
Avatar 3 is in position (24,24) and moved East
Avatar 0 is in position (29,19) and moved East
Avatar 2 is in position (24,24) and moved East
Avatar 1 is in position (24,24) and moved East
Avatar 3 is in position (25,24) and moved North
Avatar 0 is in position (29,19) and moved South
Avatar 1 is in position (25,24) and moved North
Avatar 2 is in position (25,24) and moved North
Avatar 3 is in position (25,23) and moved North
Avatar 0 is in position (29,20) and moved East
Avatar 2 is in position (25,23) and moved North
Avatar 1 is in position (25,23) and moved North
Avatar 3 is in position (25,22) and moved West
Avatar 0 is in position (30,20) and moved North
Avatar 2 is in position (25,22) and moved North
Avatar 1 is in position (25,22) and moved North
Avatar 3 is in position (25,22) and moved North
Avatar 0 is in position (30,20) and moved East
Avatar 1 is in position (25,21) and moved West
Avatar 2 is in position (25,21) and moved North
Avatar 3 is in position (25,21) and moved North
Avatar 0 is in position (31,20) and moved North
Avatar 1 is in position (25,21) and moved North
Avatar 2 is in position (25,20) and moved West
Avatar 3 is in position (25,20) and moved West
Avatar 0 is in position (31,20) and moved East
Avatar 2 is in position (24,20) and moved South
Avatar 1 is in position (25,20) and moved West
Avatar 3 is in position (24,20) and moved South
Avatar 0 is in position (31,20) and moved South
Avatar 1 is in position (24,20) and moved South
Avatar 2 is in position (24,21) and moved South
Avatar 3 is in position (24,21) and moved South
Avatar 0 is in position (31,21) and moved East
Avatar 1 is in position (24,21) and moved South
Avatar 2 is in position (24,22) and moved West
Avatar 3 is in position (24,22) and moved West
Avatar 0 is in position (32,21) and moved North
Avatar 1 is in position (24,22) and moved West
Avatar 2 is in position (23,22) and moved West
Avatar 3 is in position (23,22) and moved West
Avatar 0 is in position (32,20) and moved North
Avatar 1 is in position (23,22) and moved West
Avatar 2 is in position (22,22) and moved South
Avatar 3 is in position (22,22) and moved West
Avatar 0 is in position (32,19) and moved West
Avatar 2 is in position (22,22) and moved North
Avatar 1 is in position (22,22) and moved North
Avatar 3 is in position (22,22) and moved North
Avatar 0 is in position (32,19) and moved North
Avatar 1 is in position (22,21) and moved West
Avatar 2 is in position (22,21) and moved West
Avatar 3 is in position (22,21) and moved West
Avatar 0 is in position (32,18) and moved West
Avatar 2 is in position (21,21) and moved South
Avatar 1 is in position (21,21) and moved South
Avatar 3 is in position (21,21) and moved South
Avatar 0 is in position (32,18) and moved North
Avatar 2 is in position (21,22) and moved West
Avatar 1 is in position (21,22) and moved South
Avatar 3 is in position (21,22) and moved West
Avatar 0 is in position (32,18) and moved East
Avatar 2 is in position (20,22) and moved South
Avatar 1 is in position (21,22) and moved West
Avatar 3 is in position (20,22) and moved South
Avatar 0 is in position (33,18) and moved North
Avatar 1 is in position (20,22) and moved South
Avatar 2 is in position (20,23) and moved East
Avatar 3 is in position (20,23) and moved South
Avatar 0 is in position (33,18) and moved East
Avatar 1 is in position (20,23) and moved West
Avatar 2 is in position (20,23) and moved West
Avatar 3 is in position (20,23) and moved West
Avatar 0 is in position (33,18) and moved South
Avatar 1 is in position (19,23) and moved South
Avatar 2 is in position (19,23) and moved West
Avatar 3 is in position (19,23) and moved North
Avatar 0 is in position (33,19) and moved East
Avatar 1 is in position (19,23) and moved East
Avatar 2 is in position (19,23) and moved East
Avatar 3 is in position (19,23) and moved East
Avatar 0 is in position (33,19) and moved South
Avatar 1 is in position (20,23) and moved North
Avatar 2 is in position (20,23) and moved North
Avatar 3 is in position (20,23) and moved North
Avatar 0 is in position (33,20) and moved East
Avatar 1 is in position (20,22) and moved West
Avatar 2 is in position (20,22) and moved West
Avatar 3 is in position (20,22) and moved West
Avatar 0 is in position (34,20) and moved South
Avatar 1 chose to move nowhere.
Avatar 2 chose to move nowhere.
Avatar 3 chose to move nowhere.
Avatar 0 is in position (34,21) and moved West
Avatar 2 chose to move nowhere.
Avatar 1 chose to move nowhere.
Avatar 3 chose to move nowhere.
Avatar 0 is in position (33,21) and moved South
Avatar 2 chose to move nowhere.
Avatar 1 chose to move nowhere.
Avatar 3 chose to move nowhere.
Avatar 0 is in position (33,22) and moved West
Avatar 2 chose to move nowhere.
Avatar 1 chose to move nowhere.
Avatar 3 chose to move nowhere.
Avatar 0 is in position (32,22) and moved West
Avatar 1 chose to move nowhere.
Avatar 2 chose to move nowhere.
Avatar 3 chose to move nowhere.
Avatar 0 is in position (31,22) and moved South
Avatar 2 chose to move nowhere.
Avatar 1 chose to move nowhere.
Avatar 3 chose to move nowhere.
Avatar 0 is in position (31,23) and moved South
Avatar 1 chose to move nowhere.
Avatar 2 chose to move nowhere.
Avatar 3 chose to move nowhere.
Avatar 0 is in position (31,24) and moved South
Avatar 1 chose to move nowhere.
Avatar 2 chose to move nowhere.
Avatar 3 chose to move nowhere.
Avatar 0 is in position (31,25) and moved South
Avatar 2 chose to move nowhere.
Avatar 1 chose to move nowhere.
Avatar 3 chose to move nowhere.
Avatar 0 is in position (31,26) and moved East
Avatar 1 chose to move nowhere.
Avatar 2 chose to move nowhere.
Avatar 3 chose to move nowhere.
Avatar 0 is in position (32,26) and moved East
Avatar 1 chose to move nowhere.
Avatar 2 chose to move nowhere.
Avatar 3 chose to move nowhere.
Avatar 0 is in position (33,26) and moved South
Avatar 2 chose to move nowhere.
Avatar 1 chose to move nowhere.
Avatar 3 chose to move nowhere.
Avatar 0 is in position (33,27) and moved East
Avatar 1 chose to move nowhere.
Avatar 2 chose to move nowhere.
Avatar 3 chose to move nowhere.
Avatar 0 is in position (34,27) and moved South
Avatar 1 chose to move nowhere.
Avatar 2 chose to move nowhere.
Avatar 3 chose to move nowhere.
Avatar 0 is in position (34,28) and moved South
Avatar 2 chose to move nowhere.
Avatar 1 chose to move nowhere.
Avatar 3 chose to move nowhere.
Avatar 0 is in position (34,29) and moved South
Avatar 2 chose to move nowhere.
Avatar 1 chose to move nowhere.
Avatar 3 chose to move nowhere.
Avatar 0 is in position (34,30) and moved West
Avatar 2 chose to move nowhere.
Avatar 1 chose to move nowhere.
Avatar 3 chose to move nowhere.
Avatar 0 is in position (33,30) and moved South
Avatar 1 chose to move nowhere.
Avatar 2 chose to move nowhere.
Avatar 3 chose to move nowhere.
Avatar 0 is in position (33,31) and moved South
Avatar 2 chose to move nowhere.
Avatar 1 chose to move nowhere.
Avatar 3 chose to move nowhere.
Avatar 0 is in position (33,32) and moved South
Avatar 2 chose to move nowhere.
Avatar 1 chose to move nowhere.
Avatar 3 chose to move nowhere.
Avatar 0 is in position (33,33) and moved West
Avatar 1 chose to move nowhere.
Avatar 2 chose to move nowhere.
Avatar 3 chose to move nowhere.
Avatar 0 is in position (32,33) and moved North
Avatar 2 chose to move nowhere.
Avatar 1 chose to move nowhere.
Avatar 3 chose to move nowhere.
Avatar 0 is in position (32,32) and moved West
Avatar 2 chose to move nowhere.
Avatar 1 chose to move nowhere.
Avatar 3 chose to move nowhere.
Avatar 0 is in position (31,32) and moved West
Avatar 2 chose to move nowhere.
Avatar 1 chose to move nowhere.
Avatar 3 chose to move nowhere.
Avatar 0 is in position (30,32) and moved North
Avatar 2 chose to move nowhere.
Avatar 1 chose to move nowhere.
Avatar 3 chose to move nowhere.
Avatar 0 is in position (30,31) and moved West
Avatar 2 chose to move nowhere.
Avatar 1 chose to move nowhere.
Avatar 3 chose to move nowhere.
Avatar 0 is in position (29,31) and moved North
Avatar 1 chose to move nowhere.
Avatar 2 chose to move nowhere.
Avatar 3 chose to move nowhere.
Avatar 0 is in position (29,30) and moved West
Avatar 2 chose to move nowhere.
Avatar 1 chose to move nowhere.
Avatar 3 chose to move nowhere.
Avatar 0 is in position (28,30) and moved North
Avatar 1 chose to move nowhere.
Avatar 2 chose to move nowhere.
Avatar 3 chose to move nowhere.
Avatar 0 is in position (28,29) and moved West
Avatar 2 chose to move nowhere.
Avatar 1 chose to move nowhere.
Avatar 3 chose to move nowhere.
Avatar 0 is in position (27,29) and moved North
Avatar 1 chose to move nowhere.
Avatar 2 chose to move nowhere.
Avatar 3 chose to move nowhere.
Avatar 0 is in position (27,28) and moved East
Avatar 1 chose to move nowhere.
Avatar 2 chose to move nowhere.
Avatar 3 chose to move nowhere.
Avatar 0 is in position (28,28) and moved East
Avatar 1 chose to move nowhere.
Avatar 2 chose to move nowhere.
Avatar 3 chose to move nowhere.
Avatar 0 is in position (29,28) and moved East
Avatar 1 chose to move nowhere.
Avatar 2 chose to move nowhere.
Avatar 3 chose to move nowhere.
Avatar 0 is in position (30,28) and moved North
Avatar 2 chose to move nowhere.
Avatar 1 chose to move nowhere.
Avatar 3 chose to move nowhere.
Avatar 0 is in position (30,27) and moved North
Avatar 2 chose to move nowhere.
Avatar 1 chose to move nowhere.
Avatar 3 chose to move nowhere.
Avatar 0 is in position (30,26) and moved North
Avatar 2 chose to move nowhere.
Avatar 1 chose to move nowhere.
Avatar 3 chose to move nowhere.
Avatar 0 is in position (30,25) and moved West
Avatar 2 chose to move nowhere.
Avatar 1 chose to move nowhere.
Avatar 3 chose to move nowhere.
Avatar 0 is in position (29,25) and moved North
Avatar 1 chose to move nowhere.
Avatar 2 chose to move nowhere.
Avatar 3 chose to move nowhere.
Avatar 0 is in position (29,24) and moved East
Avatar 2 chose to move nowhere.
Avatar 1 chose to move nowhere.
Avatar 3 chose to move nowhere.
Avatar 0 is in position (30,24) and moved North
Avatar 1 chose to move nowhere.
Avatar 2 chose to move nowhere.
Avatar 3 chose to move nowhere.
Avatar 0 is in position (30,23) and moved North
Avatar 1 chose to move nowhere.
Avatar 2 chose to move nowhere.
Avatar 3 chose to move nowhere.
Avatar 0 is in position (30,22) and moved North
Avatar 2 chose to move nowhere.
Avatar 1 chose to move nowhere.
Avatar 3 chose to move nowhere.
Avatar 0 is in position (30,21) and moved West
Avatar 2 chose to move nowhere.
Avatar 1 chose to move nowhere.
Avatar 3 chose to move nowhere.
Avatar 0 is in position (29,21) and moved South
Avatar 1 chose to move nowhere.
Avatar 2 chose to move nowhere.
Avatar 3 chose to move nowhere.
Avatar 0 is in position (29,22) and moved South
Avatar 1 chose to move nowhere.
Avatar 2 chose to move nowhere.
Avatar 3 chose to move nowhere.
Avatar 0 is in position (29,23) and moved West
Avatar 2 chose to move nowhere.
Avatar 1 chose to move nowhere.
Avatar 3 chose to move nowhere.
Avatar 0 is in position (28,23) and moved South
Avatar 1 chose to move nowhere.
Avatar 2 chose to move nowhere.
Avatar 3 chose to move nowhere.
Avatar 0 is in position (28,24) and moved South
Avatar 2 chose to move nowhere.
Avatar 1 chose to move nowhere.
Avatar 3 chose to move nowhere.
Avatar 0 is in position (28,25) and moved West
Avatar 2 chose to move nowhere.
Avatar 1 chose to move nowhere.
Avatar 3 chose to move nowhere.
Avatar 0 is in position (27,25) and moved North
Avatar 2 chose to move nowhere.
Avatar 1 chose to move nowhere.
Avatar 3 chose to move nowhere.
Avatar 0 is in position (27,24) and moved West
Avatar 1 chose to move nowhere.
Avatar 2 chose to move nowhere.
Avatar 3 chose to move nowhere.
Avatar 0 is in position (26,24) and moved South
Avatar 2 chose to move nowhere.
Avatar 1 chose to move nowhere.
Avatar 3 chose to move nowhere.
Avatar 0 is in position (26,25) and moved South
Avatar 2 chose to move nowhere.
Avatar 1 chose to move nowhere.
Avatar 3 chose to move nowhere.
Avatar 0 is in position (26,26) and moved South
Avatar 1 chose to move nowhere.
Avatar 2 chose to move nowhere.
Avatar 3 chose to move nowhere.
Avatar 0 is in position (26,27) and moved West
Avatar 2 chose to move nowhere.
Avatar 1 chose to move nowhere.
Avatar 3 chose to move nowhere.
Avatar 0 is in position (25,27) and moved South
Avatar 2 chose to move nowhere.
Avatar 1 chose to move nowhere.
Avatar 3 chose to move nowhere.
Avatar 0 is in position (25,28) and moved West
Avatar 1 chose to move nowhere.
Avatar 2 chose to move nowhere.
Avatar 3 chose to move nowhere.
Avatar 0 is in position (24,28) and moved West
Avatar 2 chose to move nowhere.
Avatar 1 chose to move nowhere.
Avatar 3 chose to move nowhere.
Avatar 0 is in position (23,28) and moved South
Avatar 2 chose to move nowhere.
Avatar 1 chose to move nowhere.
Avatar 3 chose to move nowhere.
Avatar 0 is in position (23,29) and moved East
Avatar 1 chose to move nowhere.
Avatar 2 chose to move nowhere.
Avatar 3 chose to move nowhere.
Avatar 0 is in position (24,29) and moved South
Avatar 2 chose to move nowhere.
Avatar 1 chose to move nowhere.
Avatar 3 chose to move nowhere.
Avatar 0 is in position (24,30) and moved South
Avatar 2 chose to move nowhere.
Avatar 1 chose to move nowhere.
Avatar 3 chose to move nowhere.
Avatar 0 is in position (24,31) and moved South
Avatar 1 chose to move nowhere.
Avatar 2 chose to move nowhere.
Avatar 3 chose to move nowhere.
Avatar 0 is in position (24,32) and moved West
Avatar 2 chose to move nowhere.
Avatar 1 chose to move nowhere.
Avatar 3 chose to move nowhere.
Avatar 0 is in position (23,32) and moved North
Avatar 1 chose to move nowhere.
Avatar 2 chose to move nowhere.
Avatar 3 chose to move nowhere.
Avatar 0 is in position (23,31) and moved North
Avatar 1 chose to move nowhere.
Avatar 2 chose to move nowhere.
Avatar 3 chose to move nowhere.
Avatar 0 is in position (23,30) and moved West
Avatar 1 chose to move nowhere.
Avatar 2 chose to move nowhere.
Avatar 3 chose to move nowhere.
Avatar 0 is in position (22,30) and moved South
Avatar 1 chose to move nowhere.
Avatar 2 chose to move nowhere.
Avatar 3 chose to move nowhere.
Avatar 0 is in position (22,31) and moved South
Avatar 2 chose to move nowhere.
Avatar 1 chose to move nowhere.
Avatar 3 chose to move nowhere.
Avatar 0 is in position (22,32) and moved West
Avatar 1 chose to move nowhere.
Avatar 2 chose to move nowhere.
Avatar 3 chose to move nowhere.
Avatar 0 is in position (21,32) and moved West
Avatar 1 chose to move nowhere.
Avatar 2 chose to move nowhere.
Avatar 3 chose to move nowhere.
Avatar 0 is in position (20,32) and moved North
Avatar 2 chose to move nowhere.
Avatar 1 chose to move nowhere.
Avatar 3 chose to move nowhere.
Avatar 0 is in position (20,31) and moved North
Avatar 1 chose to move nowhere.
Avatar 2 chose to move nowhere.
Avatar 3 chose to move nowhere.
Avatar 0 is in position (20,30) and moved North
Avatar 1 chose to move nowhere.
Avatar 2 chose to move nowhere.
Avatar 3 chose to move nowhere.
Avatar 0 is in position (20,29) and moved East
Avatar 2 chose to move nowhere.
Avatar 1 chose to move nowhere.
Avatar 3 chose to move nowhere.
Avatar 0 is in position (21,29) and moved East
Avatar 1 chose to move nowhere.
Avatar 2 chose to move nowhere.
Avatar 3 chose to move nowhere.
Avatar 0 is in position (22,29) and moved North
Avatar 1 chose to move nowhere.
Avatar 2 chose to move nowhere.
Avatar 3 chose to move nowhere.
Avatar 0 is in position (22,28) and moved North
Avatar 2 chose to move nowhere.
Avatar 1 chose to move nowhere.
Avatar 3 chose to move nowhere.
Avatar 0 is in position (22,27) and moved North
Avatar 1 chose to move nowhere.
Avatar 2 chose to move nowhere.
Avatar 3 chose to move nowhere.
Avatar 0 is in position (22,26) and moved North
Avatar 2 chose to move nowhere.
Avatar 1 chose to move nowhere.
Avatar 3 chose to move nowhere.
Avatar 0 is in position (22,25) and moved North
Avatar 1 chose to move nowhere.
Avatar 2 chose to move nowhere.
Avatar 3 chose to move nowhere.
Avatar 0 is in position (22,24) and moved North
Avatar 1 chose to move nowhere.
Avatar 2 chose to move nowhere.
Avatar 3 chose to move nowhere.
Avatar 0 is in position (22,23) and moved West
Avatar 2 chose to move nowhere.
Avatar 1 chose to move nowhere.
Avatar 3 chose to move nowhere.
Avatar 0 is in position (21,23) and moved South
Avatar 2 chose to move nowhere.
Avatar 1 chose to move nowhere.
Avatar 3 chose to move nowhere.
Avatar 0 is in position (21,24) and moved West
Avatar 1 chose to move nowhere.
Avatar 2 chose to move nowhere.
Avatar 3 chose to move nowhere.
Avatar 0 is in position (20,24) and moved West
Avatar 2 chose to move nowhere.
Avatar 1 chose to move nowhere.
Avatar 3 chose to move nowhere.
Avatar 0 is in position (19,24) and moved South
Avatar 2 chose to move nowhere.
Avatar 1 chose to move nowhere.
Avatar 3 chose to move nowhere.
Avatar 0 is in position (19,25) and moved West
Avatar 2 chose to move nowhere.
Avatar 1 chose to move nowhere.
Avatar 3 chose to move nowhere.
Avatar 0 is in position (18,25) and moved West
Avatar 1 chose to move nowhere.
Avatar 2 chose to move nowhere.
Avatar 3 chose to move nowhere.
Avatar 0 is in position (17,25) and moved North
Avatar 1 chose to move nowhere.
Avatar 2 chose to move nowhere.
Avatar 3 chose to move nowhere.
Avatar 0 is in position (17,24) and moved East
Avatar 2 chose to move nowhere.
Avatar 1 chose to move nowhere.
Avatar 3 chose to move nowhere.
Avatar 0 is in position (18,24) and moved North
Avatar 2 chose to move nowhere.
Avatar 1 chose to move nowhere.
Avatar 3 chose to move nowhere.
Avatar 0 is in position (18,23) and moved North
Avatar 2 chose to move nowhere.
Avatar 1 chose to move nowhere.
Avatar 3 chose to move nowhere.
Avatar 0 is in position (18,22) and moved East
Maze solved!