bholland, 44493, Mon May 27 19:25:40 EDT 2013
Avatar 0 is in position (4,9) and moved West
Avatar 2 is in position (9,1) and moved West
Avatar 4 is in position (9,7) and moved West
Avatar 1 is in position (3,7) and moved West
Avatar 6 is in position (5,3) and moved West
Avatar 5 is in position (3,6) and moved West
Avatar 7 is in position (6,5) and moved West
Avatar 3 is in position (9,5) and moved West
Avatar 0 is in position (3,9) and moved South
Avatar 1 is in position (3,7) and moved North
Avatar 2 is in position (9,1) and moved North
Avatar 4 is in position (9,7) and moved North
Avatar 5 is in position (3,6) and moved North
Avatar 3 is in position (8,5) and moved South
Avatar 6 is in position (5,3) and moved North
Avatar 7 is in position (6,5) and moved North
Avatar 0 is in position (3,9) and moved West
Avatar 2 is in position (9,1) and moved East
Avatar 3 is in position (8,5) and moved West
Avatar 1 is in position (3,6) and moved East
Avatar 6 is in position (5,3) and moved East
Avatar 5 is in position (3,6) and moved East
Avatar 4 is in position (9,7) and moved East
Avatar 7 is in position (6,4) and moved West
Avatar 0 is in position (3,9) and moved North
Avatar 1 is in position (4,6) and moved North
Avatar 2 is in position (9,1) and moved South
Avatar 3 is in position (7,5) and moved South
Avatar 5 is in position (4,6) and moved East
Avatar 4 is in position (10,7) and moved North
Avatar 6 is in position (6,3) and moved North
Avatar 7 is in position (6,4) and moved North
Avatar 0 is in position (3,8) and moved West
Avatar 1 is in position (4,6) and moved South
Avatar 2 is in position (9,2) and moved East
Avatar 4 is in position (10,6) and moved West
Avatar 3 is in position (7,6) and moved East
Avatar 5 is in position (4,6) and moved South
Avatar 6 is in position (6,3) and moved East
Avatar 7 is in position (6,3) and moved West
Avatar 0 is in position (3,8) and moved North
Avatar 2 is in position (10,2) and moved North
Avatar 1 is in position (4,7) and moved East
Avatar 6 is in position (6,3) and moved West
Avatar 3 is in position (7,6) and moved South
Avatar 4 is in position (10,6) and moved North
Avatar 5 is in position (4,7) and moved South
Avatar 7 is in position (5,3) and moved South
Avatar 0 is in position (3,7) and moved North
Avatar 1 is in position (4,7) and moved South
Avatar 2 is in position (10,2) and moved East
Avatar 4 is in position (10,5) and moved West
Avatar 6 is in position (5,3) and moved South
Avatar 3 is in position (7,7) and moved East
Avatar 5 is in position (4,8) and moved East
Avatar 7 is in position (5,4) and moved South
Avatar 0 is in position (3,6) and moved East
Avatar 2 is in position (10,2) and moved South
Avatar 1 is in position (4,8) and moved East
Avatar 4 is in position (10,5) and moved North
Avatar 5 is in position (5,8) and moved North
Avatar 6 is in position (5,4) and moved West
Avatar 3 is in position (7,7) and moved South
Avatar 7 is in position (5,4) and moved West
Avatar 0 is in position (4,6) and moved South
Avatar 2 is in position (10,3) and moved East
Avatar 1 is in position (5,8) and moved East
Avatar 4 is in position (10,4) and moved West
Avatar 6 is in position (4,4) and moved South
Avatar 5 is in position (5,8) and moved East
Avatar 3 is in position (7,7) and moved West
Avatar 7 is in position (4,4) and moved West
Avatar 0 is in position (4,7) and moved South
Avatar 2 is in position (11,3) and moved North
Avatar 1 is in position (6,8) and moved North
Avatar 4 is in position (9,4) and moved South
Avatar 5 is in position (6,8) and moved North
Avatar 3 is in position (6,7) and moved South
Avatar 6 is in position (4,4) and moved North
Avatar 7 is in position (4,4) and moved North
Avatar 0 is in position (4,8) and moved East
Avatar 2 is in position (11,2) and moved North
Avatar 4 is in position (9,4) and moved West
Avatar 1 is in position (6,7) and moved South
Avatar 5 is in position (6,7) and moved South
Avatar 3 is in position (6,8) and moved East
Avatar 6 is in position (4,3) and moved West
Avatar 7 is in position (4,3) and moved West
Avatar 0 is in position (5,8) and moved East
Avatar 2 is in position (11,1) and moved West
Avatar 1 is in position (6,8) and moved South
Avatar 5 is in position (6,8) and moved North
Avatar 3 is in position (6,8) and moved North
Avatar 6 is in position (3,3) and moved South
Avatar 4 is in position (8,4) and moved South
Avatar 7 is in position (3,3) and moved South
Avatar 0 is in position (6,8) and moved North
Avatar 2 is in position (10,1) and moved North
Avatar 1 is in position (6,8) and moved West
Avatar 6 is in position (3,4) and moved South
Avatar 3 is in position (6,7) and moved West
Avatar 4 is in position (8,4) and moved West
Avatar 5 is in position (6,7) and moved South
Avatar 7 is in position (3,4) and moved West
Avatar 0 is in position (6,7) and moved South
Avatar 2 is in position (10,0) and moved West
Avatar 1 is in position (5,8) and moved South
Avatar 3 is in position (6,7) and moved North
Avatar 6 is in position (3,4) and moved West
Avatar 4 is in position (7,4) and moved South
Avatar 5 is in position (6,8) and moved West
Avatar 7 is in position (2,4) and moved South
Avatar 0 is in position (6,8) and moved West
Avatar 1 is in position (5,8) and moved West
Avatar 2 is in position (9,0) and moved West
Avatar 3 is in position (6,7) and moved East
Avatar 5 is in position (5,8) and moved West
Avatar 6 is in position (2,4) and moved West
Avatar 4 is in position (7,4) and moved West
Avatar 7 is in position (2,4) and moved North
Avatar 0 is in position (5,8) and moved West
Avatar 2 is in position (8,0) and moved South
Avatar 3 is in position (7,7) and moved North
Avatar 1 is in position (4,8) and moved South
Avatar 6 is in position (2,4) and moved North
Avatar 4 is in position (7,4) and moved North
Avatar 5 is in position (4,8) and moved West
Avatar 7 is in position (2,3) and moved West
Avatar 0 is in position (4,8) and moved East
Avatar 1 is in position (4,8) and moved East
Avatar 4 is in position (7,3) and moved North
Avatar 2 is in position (8,1) and moved South
Avatar 5 is in position (4,8) and moved North
Avatar 3 is in position (7,6) and moved West
Avatar 6 is in position (2,3) and moved West
Avatar 7 is in position (1,3) and moved South
Avatar 0 is in position (5,8) and moved West
Avatar 1 is in position (5,8) and moved East
Avatar 2 is in position (8,2) and moved East
Avatar 4 is in position (7,3) and moved East
Avatar 3 is in position (7,6) and moved North
Avatar 6 is in position (1,3) and moved South
Avatar 5 is in position (4,7) and moved West
Avatar 7 is in position (1,4) and moved South
Avatar 0 is in position (4,8) and moved North
Avatar 2 is in position (8,2) and moved South
Avatar 1 is in position (6,8) and moved North
Avatar 4 is in position (8,3) and moved North
Avatar 5 is in position (4,7) and moved North
Avatar 6 is in position (1,4) and moved West
Avatar 3 is in position (7,5) and moved West
Avatar 7 is in position (1,4) and moved West
Avatar 0 is in position (4,7) and moved North
Avatar 1 is in position (6,7) and moved East
Avatar 2 is in position (8,3) and moved North
Avatar 4 is in position (8,2) and moved West
Avatar 6 is in position (0,4) and moved South
Avatar 5 is in position (4,6) and moved South
Avatar 3 is in position (7,5) and moved East
Avatar 7 is in position (0,4) and moved West
Avatar 0 is in position (4,6) and moved South
Avatar 1 is in position (7,7) and moved North
Avatar 3 is in position (8,5) and moved East
Avatar 5 is in position (4,7) and moved South
Avatar 2 is in position (8,2) and moved North
Avatar 4 is in position (8,2) and moved North
Avatar 6 is in position (0,4) and moved North
Avatar 7 is in position (0,4) and moved North
Avatar 0 is in position (4,7) and moved South
Avatar 1 is in position (7,6) and moved North
Avatar 2 is in position (8,1) and moved West
Avatar 4 is in position (8,1) and moved South
Avatar 3 is in position (9,5) and moved South
Avatar 5 is in position (4,8) and moved East
Avatar 6 is in position (0,3) and moved West
Avatar 7 is in position (0,3) and moved North
Avatar 0 is in position (4,8) and moved East
Avatar 1 is in position (7,5) and moved East
Avatar 2 is in position (8,1) and moved North
Avatar 3 is in position (9,6) and moved West
Avatar 4 is in position (8,2) and moved North
Avatar 6 is in position (0,3) and moved North
Avatar 5 is in position (5,8) and moved East
Avatar 7 is in position (0,2) and moved West
Avatar 0 is in position (5,8) and moved East
Avatar 2 is in position (8,0) and moved West
Avatar 3 is in position (8,6) and moved South
Avatar 1 is in position (8,5) and moved East
Avatar 4 is in position (8,1) and moved North
Avatar 6 is in position (0,2) and moved North
Avatar 5 is in position (6,8) and moved North
Avatar 7 is in position (0,2) and moved North
Avatar 0 is in position (6,8) and moved North
Avatar 2 is in position (7,0) and moved South
Avatar 1 is in position (9,5) and moved South
Avatar 4 is in position (8,0) and moved West
Avatar 3 is in position (8,7) and moved South
Avatar 5 is in position (6,7) and moved East
Avatar 6 is in position (0,1) and moved West
Avatar 7 is in position (0,1) and moved North
Avatar 0 is in position (6,7) and moved East
Avatar 1 is in position (9,6) and moved West
Avatar 4 is in position (7,0) and moved West
Avatar 3 is in position (8,8) and moved East
Avatar 5 is in position (7,7) and moved North
Avatar 2 is in position (7,0) and moved West
Avatar 6 is in position (0,1) and moved East
Avatar 7 is in position (0,1) and moved East
Avatar 0 is in position (7,7) and moved North
Avatar 2 is in position (6,0) and moved South
Avatar 1 is in position (8,6) and moved South
Avatar 5 is in position (7,6) and moved North
Avatar 3 is in position (9,8) and moved North
Avatar 6 is in position (1,1) and moved North
Avatar 4 is in position (6,0) and moved South
Avatar 7 is in position (1,1) and moved North
Avatar 0 is in position (7,6) and moved North
Avatar 2 is in position (6,1) and moved East
Avatar 4 is in position (6,1) and moved South
Avatar 5 is in position (7,5) and moved East
Avatar 1 is in position (8,7) and moved South
Avatar 6 is in position (1,0) and moved West
Avatar 3 is in position (9,8) and moved East
Avatar 7 is in position (1,0) and moved West
Avatar 0 is in position (7,5) and moved East
Avatar 1 is in position (8,8) and moved East
Avatar 2 is in position (6,1) and moved South
Avatar 6 is in position (0,0) and moved West
Avatar 3 is in position (9,8) and moved South
Avatar 5 is in position (8,5) and moved East
Avatar 4 is in position (6,2) and moved West
Avatar 7 is in position (0,0) and moved North
Avatar 0 is in position (8,5) and moved East
Avatar 2 is in position (6,2) and moved West
Avatar 3 is in position (9,9) and moved East
Avatar 1 is in position (9,8) and moved South
Avatar 4 is in position (5,2) and moved West
Avatar 5 is in position (9,5) and moved South
Avatar 6 is in position (0,0) and moved East
Avatar 7 is in position (0,0) and moved East
Avatar 0 is in position (9,5) and moved South
Avatar 2 is in position (5,2) and moved West
Avatar 1 is in position (9,9) and moved East
Avatar 4 is in position (4,2) and moved South
Avatar 6 is in position (1,0) and moved North
Avatar 5 is in position (9,6) and moved West
Avatar 3 is in position (10,9) and moved North
Avatar 7 is in position (1,0) and moved East
Avatar 0 is in position (9,6) and moved West
Avatar 1 is in position (10,9) and moved East
Avatar 4 is in position (4,2) and moved West
Avatar 2 is in position (4,2) and moved West
Avatar 3 is in position (10,9) and moved East
Avatar 5 is in position (8,6) and moved South
Avatar 6 is in position (1,0) and moved East
Avatar 7 is in position (2,0) and moved North
Avatar 0 is in position (8,6) and moved South
Avatar 2 is in position (3,2) and moved South
Avatar 1 is in position (11,9) and moved North
Avatar 3 is in position (11,9) and moved North
Avatar 5 is in position (8,7) and moved South
Avatar 6 is in position (2,0) and moved East
Avatar 4 is in position (3,2) and moved West
Avatar 7 is in position (2,0) and moved East
Avatar 0 is in position (8,7) and moved South
Avatar 1 is in position (11,8) and moved West
Avatar 2 is in position (3,2) and moved North
Avatar 3 is in position (11,8) and moved West
Avatar 4 is in position (3,2) and moved North
Avatar 6 is in position (3,0) and moved North
Avatar 5 is in position (8,8) and moved East
Avatar 7 is in position (3,0) and moved East
Avatar 0 is in position (8,8) and moved East
Avatar 2 is in position (3,1) and moved West
Avatar 3 is in position (10,8) and moved North
Avatar 1 is in position (10,8) and moved North
Avatar 4 is in position (3,1) and moved West
Avatar 5 is in position (9,8) and moved South
Avatar 6 is in position (3,0) and moved East
Avatar 7 is in position (4,0) and moved North
Avatar 0 is in position (9,8) and moved South
Avatar 2 is in position (2,1) and moved South
Avatar 1 is in position (10,7) and moved North
Avatar 4 is in position (2,1) and moved South
Avatar 5 is in position (9,9) and moved East
Avatar 6 is in position (4,0) and moved East
Avatar 3 is in position (10,7) and moved North
Avatar 7 is in position (4,0) and moved South
Avatar 0 is in position (9,9) and moved East
Avatar 1 is in position (10,6) and moved North
Avatar 2 is in position (2,2) and moved South
Avatar 3 is in position (10,6) and moved North
Avatar 4 is in position (2,2) and moved West
Avatar 6 is in position (4,0) and moved South
Avatar 5 is in position (10,9) and moved East
Avatar 7 is in position (4,1) and moved East
Avatar 0 is in position (10,9) and moved East
Avatar 1 is in position (10,5) and moved North
Avatar 2 is in position (2,2) and moved West
Avatar 4 is in position (1,2) and moved South
Avatar 6 is in position (4,1) and moved East
Avatar 3 is in position (10,5) and moved North
Avatar 5 is in position (11,9) and moved North
Avatar 7 is in position (5,1) and moved North
Avatar 0 is in position (11,9) and moved North
Avatar 2 is in position (1,2) and moved West
Avatar 1 is in position (10,4) and moved West
Avatar 4 is in position (1,2) and moved West
Avatar 6 is in position (5,1) and moved North
Avatar 5 is in position (11,8) and moved West
Avatar 3 is in position (10,4) and moved West
Avatar 7 is in position (5,0) and moved North
Avatar 0 is in position (11,8) and moved West
Avatar 2 is in position (0,2) and moved North
Avatar 1 is in position (9,4) and moved West
Avatar 3 is in position (9,4) and moved West
Avatar 5 is in position (10,8) and moved North
Avatar 4 is in position (0,2) and moved North
Avatar 6 chose to move nowhere.
Avatar 7 chose to move nowhere.
Avatar 0 is in position (10,8) and moved North
Avatar 2 is in position (0,1) and moved East
Avatar 1 is in position (8,4) and moved West
Avatar 4 is in position (0,1) and moved East
Avatar 6 chose to move nowhere.
Avatar 3 is in position (8,4) and moved West
Avatar 5 is in position (10,7) and moved North
Avatar 7 chose to move nowhere.
Avatar 0 is in position (10,7) and moved North
Avatar 2 is in position (1,1) and moved North
Avatar 1 is in position (7,4) and moved North
Avatar 6 chose to move nowhere.
Avatar 4 is in position (1,1) and moved North
Avatar 3 is in position (7,4) and moved North
Avatar 5 is in position (10,6) and moved North
Avatar 7 chose to move nowhere.
Avatar 0 is in position (10,6) and moved North
Avatar 2 is in position (1,0) and moved East
Avatar 3 is in position (7,3) and moved East
Avatar 1 is in position (7,3) and moved East
Avatar 5 is in position (10,5) and moved North
Avatar 6 chose to move nowhere.
Avatar 4 is in position (1,0) and moved East
Avatar 7 chose to move nowhere.
Avatar 0 is in position (10,5) and moved North
Avatar 2 is in position (2,0) and moved East
Avatar 1 is in position (8,3) and moved North
Avatar 3 is in position (8,3) and moved North
Avatar 4 is in position (2,0) and moved East
Avatar 6 chose to move nowhere.
Avatar 5 is in position (10,4) and moved West
Avatar 7 chose to move nowhere.
Avatar 0 is in position (10,4) and moved West
Avatar 2 is in position (3,0) and moved East
Avatar 1 is in position (8,2) and moved North
Avatar 6 chose to move nowhere.
Avatar 5 is in position (9,4) and moved West
Avatar 3 is in position (8,2) and moved North
Avatar 4 is in position (3,0) and moved East
Avatar 7 chose to move nowhere.
Avatar 0 is in position (9,4) and moved West
Avatar 1 is in position (8,1) and moved North
Avatar 2 is in position (4,0) and moved South
Avatar 6 chose to move nowhere.
Avatar 3 is in position (8,1) and moved North
Avatar 4 is in position (4,0) and moved South
Avatar 5 is in position (8,4) and moved West
Avatar 7 chose to move nowhere.
Avatar 0 is in position (8,4) and moved West
Avatar 1 is in position (8,0) and moved West
Avatar 2 is in position (4,1) and moved East
Avatar 4 is in position (4,1) and moved East
Avatar 5 is in position (7,4) and moved North
Avatar 3 is in position (8,0) and moved West
Avatar 6 chose to move nowhere.
Avatar 7 chose to move nowhere.
Avatar 0 is in position (7,4) and moved North
Avatar 2 is in position (5,1) and moved North
Avatar 1 is in position (7,0) and moved West
Avatar 3 is in position (7,0) and moved West
Avatar 4 is in position (5,1) and moved North
Avatar 6 chose to move nowhere.
Avatar 5 is in position (7,3) and moved East
Avatar 7 chose to move nowhere.
Avatar 0 is in position (7,3) and moved East
Avatar 2 chose to move nowhere.
Avatar 1 is in position (6,0) and moved South
Avatar 3 is in position (6,0) and moved South
Avatar 5 is in position (8,3) and moved North
Avatar 6 chose to move nowhere.
Avatar 4 chose to move nowhere.
Avatar 7 chose to move nowhere.
Avatar 0 is in position (8,3) and moved North
Avatar 1 is in position (6,1) and moved South
Avatar 3 is in position (6,1) and moved South
Avatar 5 is in position (8,2) and moved North
Avatar 6 chose to move nowhere.
Avatar 4 chose to move nowhere.
Avatar 2 chose to move nowhere.
Avatar 7 chose to move nowhere.
Avatar 0 is in position (8,2) and moved North
Avatar 2 chose to move nowhere.
Avatar 1 is in position (6,2) and moved West
Avatar 3 is in position (6,2) and moved West
Avatar 6 chose to move nowhere.
Avatar 5 is in position (8,1) and moved North
Avatar 4 chose to move nowhere.
Avatar 7 chose to move nowhere.
Avatar 0 is in position (8,1) and moved North
Avatar 1 is in position (5,2) and moved West
Avatar 2 chose to move nowhere.
Avatar 3 is in position (5,2) and moved West
Avatar 5 is in position (8,0) and moved West
Avatar 4 chose to move nowhere.
Avatar 6 chose to move nowhere.
Avatar 7 chose to move nowhere.
Avatar 0 is in position (8,0) and moved West
Avatar 1 is in position (4,2) and moved West
Avatar 2 chose to move nowhere.
Avatar 3 is in position (4,2) and moved West
Avatar 5 is in position (7,0) and moved West
Avatar 6 chose to move nowhere.
Avatar 4 chose to move nowhere.
Avatar 7 chose to move nowhere.
Avatar 0 is in position (7,0) and moved West
Avatar 2 chose to move nowhere.
Avatar 1 is in position (3,2) and moved North
Avatar 4 chose to move nowhere.
Avatar 6 chose to move nowhere.
Avatar 3 is in position (3,2) and moved North
Avatar 5 is in position (6,0) and moved South
Avatar 7 chose to move nowhere.
Avatar 0 is in position (6,0) and moved South
Avatar 2 chose to move nowhere.
Avatar 1 is in position (3,1) and moved West
Avatar 3 is in position (3,1) and moved West
Avatar 5 is in position (6,1) and moved South
Avatar 4 chose to move nowhere.
Avatar 6 chose to move nowhere.
Avatar 7 chose to move nowhere.
Avatar 0 is in position (6,1) and moved South
Avatar 2 chose to move nowhere.
Avatar 1 is in position (2,1) and moved South
Avatar 4 chose to move nowhere.
Avatar 3 is in position (2,1) and moved South
Avatar 6 chose to move nowhere.
Avatar 5 is in position (6,2) and moved West
Avatar 7 chose to move nowhere.
Avatar 0 is in position (6,2) and moved West
Avatar 2 chose to move nowhere.
Avatar 1 is in position (2,2) and moved West
Avatar 4 chose to move nowhere.
Avatar 3 is in position (2,2) and moved West
Avatar 6 chose to move nowhere.
Avatar 5 is in position (5,2) and moved West
Avatar 7 chose to move nowhere.
Avatar 0 is in position (5,2) and moved West
Avatar 1 is in position (1,2) and moved West
Avatar 2 chose to move nowhere.
Avatar 5 is in position (4,2) and moved West
Avatar 4 chose to move nowhere.
Avatar 3 is in position (1,2) and moved West
Avatar 6 chose to move nowhere.
Avatar 7 chose to move nowhere.
Avatar 0 is in position (4,2) and moved West
Avatar 2 chose to move nowhere.
Avatar 3 is in position (0,2) and moved North
Avatar 1 is in position (0,2) and moved North
Avatar 4 chose to move nowhere.
Avatar 6 chose to move nowhere.
Avatar 5 is in position (3,2) and moved North
Avatar 7 chose to move nowhere.
Avatar 0 is in position (3,2) and moved North
Avatar 2 chose to move nowhere.
Avatar 4 chose to move nowhere.
Avatar 1 is in position (0,1) and moved East
Avatar 5 is in position (3,1) and moved West
Avatar 3 is in position (0,1) and moved East
Avatar 6 chose to move nowhere.
Avatar 7 chose to move nowhere.
Avatar 0 is in position (3,1) and moved West
Avatar 2 chose to move nowhere.
Avatar 1 is in position (1,1) and moved North
Avatar 4 chose to move nowhere.
Avatar 5 is in position (2,1) and moved South
Avatar 3 is in position (1,1) and moved North
Avatar 6 chose to move nowhere.
Avatar 7 chose to move nowhere.
Avatar 0 is in position (2,1) and moved South
Avatar 2 chose to move nowhere.
Avatar 1 is in position (1,0) and moved East
Avatar 3 is in position (1,0) and moved East
Avatar 5 is in position (2,2) and moved West
Avatar 6 chose to move nowhere.
Avatar 4 chose to move nowhere.
Avatar 7 chose to move nowhere.
Avatar 0 is in position (2,2) and moved West
Avatar 2 chose to move nowhere.
Avatar 1 is in position (2,0) and moved East
Avatar 4 chose to move nowhere.
Avatar 3 is in position (2,0) and moved East
Avatar 5 is in position (1,2) and moved West
Avatar 6 chose to move nowhere.
Avatar 7 chose to move nowhere.
Avatar 0 is in position (1,2) and moved West
Avatar 2 chose to move nowhere.
Avatar 1 is in position (3,0) and moved East
Avatar 3 is in position (3,0) and moved East
Avatar 4 chose to move nowhere.
Avatar 6 chose to move nowhere.
Avatar 5 is in position (0,2) and moved North
Avatar 7 chose to move nowhere.
Avatar 0 is in position (0,2) and moved North
Avatar 1 is in position (4,0) and moved South
Avatar 4 chose to move nowhere.
Avatar 2 chose to move nowhere.
Avatar 6 chose to move nowhere.
Avatar 5 is in position (0,1) and moved East
Avatar 3 is in position (4,0) and moved South
Avatar 7 chose to move nowhere.
Avatar 0 is in position (0,1) and moved East
Avatar 1 is in position (4,1) and moved East
Avatar 2 chose to move nowhere.
Avatar 3 is in position (4,1) and moved East
Avatar 6 chose to move nowhere.
Avatar 4 chose to move nowhere.
Avatar 5 is in position (1,1) and moved North
Avatar 7 chose to move nowhere.
Avatar 0 is in position (1,1) and moved North
Avatar 2 chose to move nowhere.
Avatar 1 is in position (5,1) and moved North
Avatar 4 chose to move nowhere.
Avatar 5 is in position (1,0) and moved East
Avatar 3 is in position (5,1) and moved North
Avatar 6 chose to move nowhere.
Avatar 7 chose to move nowhere.
Avatar 0 is in position (1,0) and moved East
Avatar 3 chose to move nowhere.
Avatar 1 chose to move nowhere.
Avatar 2 chose to move nowhere.
Avatar 4 chose to move nowhere.
Avatar 6 chose to move nowhere.
Avatar 5 is in position (2,0) and moved East
Avatar 7 chose to move nowhere.
Avatar 0 is in position (2,0) and moved East
Avatar 1 chose to move nowhere.
Avatar 3 chose to move nowhere.
Avatar 2 chose to move nowhere.
Avatar 5 is in position (3,0) and moved East
Avatar 6 chose to move nowhere.
Avatar 4 chose to move nowhere.
Avatar 7 chose to move nowhere.
Avatar 0 is in position (3,0) and moved East
Avatar 1 chose to move nowhere.
Avatar 3 chose to move nowhere.
Avatar 2 chose to move nowhere.
Avatar 4 chose to move nowhere.
Avatar 5 is in position (4,0) and moved South
Avatar 6 chose to move nowhere.
Avatar 7 chose to move nowhere.
Avatar 0 is in position (4,0) and moved South
Avatar 2 chose to move nowhere.
Avatar 1 chose to move nowhere.
Avatar 3 chose to move nowhere.
Avatar 4 chose to move nowhere.
Avatar 5 is in position (4,1) and moved East
Avatar 6 chose to move nowhere.
Avatar 7 chose to move nowhere.
Avatar 0 is in position (4,1) and moved East
Avatar 2 chose to move nowhere.
Avatar 1 chose to move nowhere.
Avatar 3 chose to move nowhere.
Avatar 6 chose to move nowhere.
Avatar 4 chose to move nowhere.
Avatar 5 is in position (5,1) and moved North
Avatar 7 chose to move nowhere.
Avatar 0 is in position (5,1) and moved North
Maze solved!